
code.elf:     file format elf32-avr


Disassembly of section .text:

00000000 <__vectors>:
       0:	0c 94 24 01 	jmp	0x248	; 0x248 <__ctors_end>
       4:	0c 94 41 01 	jmp	0x282	; 0x282 <__bad_interrupt>
       8:	0c 94 41 01 	jmp	0x282	; 0x282 <__bad_interrupt>
       c:	0c 94 41 01 	jmp	0x282	; 0x282 <__bad_interrupt>
      10:	0c 94 41 01 	jmp	0x282	; 0x282 <__bad_interrupt>
      14:	0c 94 41 01 	jmp	0x282	; 0x282 <__bad_interrupt>
      18:	0c 94 41 01 	jmp	0x282	; 0x282 <__bad_interrupt>
      1c:	0c 94 41 01 	jmp	0x282	; 0x282 <__bad_interrupt>
      20:	0c 94 41 01 	jmp	0x282	; 0x282 <__bad_interrupt>
      24:	0c 94 41 01 	jmp	0x282	; 0x282 <__bad_interrupt>
      28:	0c 94 41 01 	jmp	0x282	; 0x282 <__bad_interrupt>
      2c:	0c 94 5e 01 	jmp	0x2bc	; 0x2bc <__vector_11>
      30:	0c 94 41 01 	jmp	0x282	; 0x282 <__bad_interrupt>
      34:	0c 94 41 01 	jmp	0x282	; 0x282 <__bad_interrupt>
      38:	0c 94 41 01 	jmp	0x282	; 0x282 <__bad_interrupt>
      3c:	0c 94 41 01 	jmp	0x282	; 0x282 <__bad_interrupt>
      40:	0c 94 41 01 	jmp	0x282	; 0x282 <__bad_interrupt>
      44:	0c 94 41 01 	jmp	0x282	; 0x282 <__bad_interrupt>
      48:	0c 94 41 01 	jmp	0x282	; 0x282 <__bad_interrupt>
      4c:	0c 94 41 01 	jmp	0x282	; 0x282 <__bad_interrupt>
      50:	0c 94 41 01 	jmp	0x282	; 0x282 <__bad_interrupt>
      54:	0c 94 41 01 	jmp	0x282	; 0x282 <__bad_interrupt>
      58:	0c 94 41 01 	jmp	0x282	; 0x282 <__bad_interrupt>
      5c:	0c 94 41 01 	jmp	0x282	; 0x282 <__bad_interrupt>
      60:	0c 94 41 01 	jmp	0x282	; 0x282 <__bad_interrupt>
      64:	0c 94 41 01 	jmp	0x282	; 0x282 <__bad_interrupt>

00000068 <CHARSET>:
      68:	00 00 00 00 00 00 00 5f 00 00 00 07 00 07 00 14     ......._........
      78:	7f 14 7f 14 24 2a 7f 2a 12 23 13 08 64 62 36 49     ....$*.*.#..db6I
      88:	55 22 50 00 05 03 00 00 00 1c 22 41 00 00 41 22     U"P......."A..A"
      98:	1c 00 14 08 3e 08 14 08 08 3e 08 08 00 50 30 00     ....>....>...P0.
      a8:	00 08 08 08 08 08 00 60 60 00 00 20 10 08 04 02     .......``.. ....
      b8:	3e 51 49 45 3e 00 42 7f 40 00 42 61 51 49 46 21     >QIE>.B.@.BaQIF!
      c8:	41 45 4b 31 18 14 12 7f 10 27 45 45 45 39 3c 4a     AEK1.....'EEE9<J
      d8:	49 49 30 01 71 09 05 03 36 49 49 49 36 06 49 49     II0.q...6III6.II
      e8:	29 1e 00 36 36 00 00 00 56 36 00 00 08 14 22 41     )..66...V6...."A
      f8:	00 14 14 14 14 14 00 41 22 14 08 02 01 51 09 06     .......A"....Q..
     108:	32 49 79 41 3e 7e 11 11 11 7e 7f 49 49 49 36 3e     2IyA>~...~.III6>
     118:	41 41 41 22 7f 41 41 22 1c 7f 49 49 49 41 7f 09     AAA".AA"..IIIA..
     128:	09 09 01 3e 41 49 49 7a 7f 08 08 08 7f 00 41 7f     ...>AIIz......A.
     138:	41 00 20 40 41 3f 01 7f 08 14 22 41 7f 40 40 40     A. @A?...."A.@@@
     148:	40 7f 02 0c 02 7f 7f 04 08 10 7f 3e 41 41 41 3e     @..........>AAA>
     158:	7f 09 09 09 06 3e 41 51 21 5e 7f 09 19 29 46 46     .....>AQ!^...)FF
     168:	49 49 49 31 01 01 7f 01 01 3f 40 40 40 3f 1f 20     III1.....?@@@?. 
     178:	40 20 1f 3f 40 38 40 3f 63 14 08 14 63 07 08 70     @ .?@8@?c...c..p
     188:	08 07 61 51 49 45 43 00 7f 41 41 00 02 04 08 10     ..aQIEC..AA.....
     198:	20 00 41 41 7f 00 04 02 01 02 04 40 40 40 40 40      .AA.......@@@@@
     1a8:	00 01 02 04 00 20 54 54 54 78 7f 48 44 44 38 38     ..... TTTx.HDD88
     1b8:	44 44 44 20 38 44 44 48 7f 38 54 54 54 18 08 7e     DDD 8DDH.8TTT..~
     1c8:	09 01 02 0c 52 52 52 3e 7f 08 04 04 78 00 44 7d     ....RRR>....x.D}
     1d8:	40 00 20 40 44 3d 00 7f 10 28 44 00 00 41 7f 40     @. @D=...(D..A.@
     1e8:	00 7c 04 18 04 78 7c 08 04 04 78 38 44 44 44 38     .|...x|...x8DDD8
     1f8:	7c 14 14 14 08 08 14 14 18 7c 7c 08 04 04 08 48     |........||....H
     208:	54 54 54 20 04 3f 44 40 20 3c 40 40 20 7c 1c 20     TTT .?D@ <@@ |. 
     218:	40 20 1c 3c 40 30 40 3c 44 28 10 28 44 0c 50 50     @ .<@0@<D(.(D.PP
     228:	50 3c 44 64 54 4c 44 00 08 36 41 00 00 00 7f 00     P<DdTLD..6A.....
     238:	00 00 41 36 08 00 10 08 08 10 08 00 00 00 00 00     ..A6............

00000248 <__ctors_end>:
     248:	11 24       	eor	r1, r1
     24a:	1f be       	out	0x3f, r1	; 63
     24c:	cf ef       	ldi	r28, 0xFF	; 255
     24e:	d8 e0       	ldi	r29, 0x08	; 8
     250:	de bf       	out	0x3e, r29	; 62
     252:	cd bf       	out	0x3d, r28	; 61

00000254 <__do_copy_data>:
     254:	11 e0       	ldi	r17, 0x01	; 1
     256:	a0 e0       	ldi	r26, 0x00	; 0
     258:	b1 e0       	ldi	r27, 0x01	; 1
     25a:	e2 e2       	ldi	r30, 0x22	; 34
     25c:	f4 e1       	ldi	r31, 0x14	; 20
     25e:	02 c0       	rjmp	.+4      	; 0x264 <__do_copy_data+0x10>
     260:	05 90       	lpm	r0, Z+
     262:	0d 92       	st	X+, r0
     264:	aa 39       	cpi	r26, 0x9A	; 154
     266:	b1 07       	cpc	r27, r17
     268:	d9 f7       	brne	.-10     	; 0x260 <__do_copy_data+0xc>

0000026a <__do_clear_bss>:
     26a:	23 e0       	ldi	r18, 0x03	; 3
     26c:	aa e9       	ldi	r26, 0x9A	; 154
     26e:	b1 e0       	ldi	r27, 0x01	; 1
     270:	01 c0       	rjmp	.+2      	; 0x274 <.do_clear_bss_start>

00000272 <.do_clear_bss_loop>:
     272:	1d 92       	st	X+, r1

00000274 <.do_clear_bss_start>:
     274:	ae 3d       	cpi	r26, 0xDE	; 222
     276:	b2 07       	cpc	r27, r18
     278:	e1 f7       	brne	.-8      	; 0x272 <.do_clear_bss_loop>
     27a:	0e 94 c7 06 	call	0xd8e	; 0xd8e <main>
     27e:	0c 94 0f 0a 	jmp	0x141e	; 0x141e <_exit>

00000282 <__bad_interrupt>:
     282:	0c 94 00 00 	jmp	0	; 0x0 <__vectors>

00000286 <timer_init>:
     286:	10 92 80 00 	sts	0x0080, r1	; 0x800080 <__TEXT_REGION_LENGTH__+0x7f8080>
     28a:	e1 e8       	ldi	r30, 0x81	; 129
     28c:	f0 e0       	ldi	r31, 0x00	; 0
     28e:	10 82       	st	Z, r1
     290:	10 92 85 00 	sts	0x0085, r1	; 0x800085 <__TEXT_REGION_LENGTH__+0x7f8085>
     294:	10 92 84 00 	sts	0x0084, r1	; 0x800084 <__TEXT_REGION_LENGTH__+0x7f8084>
     298:	80 81       	ld	r24, Z
     29a:	88 60       	ori	r24, 0x08	; 8
     29c:	80 83       	st	Z, r24
     29e:	80 81       	ld	r24, Z
     2a0:	85 60       	ori	r24, 0x05	; 5
     2a2:	80 83       	st	Z, r24
     2a4:	87 e0       	ldi	r24, 0x07	; 7
     2a6:	92 e0       	ldi	r25, 0x02	; 2
     2a8:	90 93 89 00 	sts	0x0089, r25	; 0x800089 <__TEXT_REGION_LENGTH__+0x7f8089>
     2ac:	80 93 88 00 	sts	0x0088, r24	; 0x800088 <__TEXT_REGION_LENGTH__+0x7f8088>
     2b0:	ef e6       	ldi	r30, 0x6F	; 111
     2b2:	f0 e0       	ldi	r31, 0x00	; 0
     2b4:	80 81       	ld	r24, Z
     2b6:	82 60       	ori	r24, 0x02	; 2
     2b8:	80 83       	st	Z, r24
     2ba:	08 95       	ret

000002bc <__vector_11>:
     2bc:	1f 92       	push	r1
     2be:	0f 92       	push	r0
     2c0:	0f b6       	in	r0, 0x3f	; 63
     2c2:	0f 92       	push	r0
     2c4:	11 24       	eor	r1, r1
     2c6:	2f 93       	push	r18
     2c8:	3f 93       	push	r19
     2ca:	4f 93       	push	r20
     2cc:	5f 93       	push	r21
     2ce:	6f 93       	push	r22
     2d0:	7f 93       	push	r23
     2d2:	8f 93       	push	r24
     2d4:	9f 93       	push	r25
     2d6:	af 93       	push	r26
     2d8:	bf 93       	push	r27
     2da:	cf 93       	push	r28
     2dc:	df 93       	push	r29
     2de:	ef 93       	push	r30
     2e0:	ff 93       	push	r31
     2e2:	80 91 9c 01 	lds	r24, 0x019C	; 0x80019c <telaAtual>
     2e6:	90 91 9d 01 	lds	r25, 0x019D	; 0x80019d <telaAtual+0x1>
     2ea:	01 97       	sbiw	r24, 0x01	; 1
     2ec:	09 f0       	breq	.+2      	; 0x2f0 <__vector_11+0x34>
     2ee:	21 c1       	rjmp	.+578    	; 0x532 <__EEPROM_REGION_LENGTH__+0x132>
     2f0:	80 91 9a 01 	lds	r24, 0x019A	; 0x80019a <__data_end>
     2f4:	90 91 9b 01 	lds	r25, 0x019B	; 0x80019b <__data_end+0x1>
     2f8:	89 2b       	or	r24, r25
     2fa:	09 f0       	breq	.+2      	; 0x2fe <__vector_11+0x42>
     2fc:	1a c1       	rjmp	.+564    	; 0x532 <__EEPROM_REGION_LENGTH__+0x132>
     2fe:	40 91 02 01 	lds	r20, 0x0102	; 0x800102 <xc>
     302:	50 91 03 01 	lds	r21, 0x0103	; 0x800103 <xc+0x1>
     306:	ba 01       	movw	r22, r20
     308:	64 50       	subi	r22, 0x04	; 4
     30a:	71 09       	sbc	r23, r1
     30c:	20 91 10 01 	lds	r18, 0x0110	; 0x800110 <cano1>
     310:	30 91 11 01 	lds	r19, 0x0111	; 0x800111 <cano1+0x1>
     314:	62 17       	cp	r22, r18
     316:	73 07       	cpc	r23, r19
     318:	01 f5       	brne	.+64     	; 0x35a <__vector_11+0x9e>
     31a:	80 91 9c 03 	lds	r24, 0x039C	; 0x80039c <contadorCentesimoUnidade>
     31e:	90 91 9d 03 	lds	r25, 0x039D	; 0x80039d <contadorCentesimoUnidade+0x1>
     322:	01 96       	adiw	r24, 0x01	; 1
     324:	90 93 9d 03 	sts	0x039D, r25	; 0x80039d <contadorCentesimoUnidade+0x1>
     328:	80 93 9c 03 	sts	0x039C, r24	; 0x80039c <contadorCentesimoUnidade>
     32c:	0a 97       	sbiw	r24, 0x0a	; 10
     32e:	ac f0       	brlt	.+42     	; 0x35a <__vector_11+0x9e>
     330:	80 91 9a 03 	lds	r24, 0x039A	; 0x80039a <contadorCentesimoDezena>
     334:	90 91 9b 03 	lds	r25, 0x039B	; 0x80039b <contadorCentesimoDezena+0x1>
     338:	01 96       	adiw	r24, 0x01	; 1
     33a:	8a 30       	cpi	r24, 0x0A	; 10
     33c:	91 05       	cpc	r25, r1
     33e:	2c f4       	brge	.+10     	; 0x34a <__vector_11+0x8e>
     340:	90 93 9b 03 	sts	0x039B, r25	; 0x80039b <contadorCentesimoDezena+0x1>
     344:	80 93 9a 03 	sts	0x039A, r24	; 0x80039a <contadorCentesimoDezena>
     348:	04 c0       	rjmp	.+8      	; 0x352 <__vector_11+0x96>
     34a:	10 92 9b 03 	sts	0x039B, r1	; 0x80039b <contadorCentesimoDezena+0x1>
     34e:	10 92 9a 03 	sts	0x039A, r1	; 0x80039a <contadorCentesimoDezena>
     352:	10 92 9d 03 	sts	0x039D, r1	; 0x80039d <contadorCentesimoUnidade+0x1>
     356:	10 92 9c 03 	sts	0x039C, r1	; 0x80039c <contadorCentesimoUnidade>
     35a:	80 91 06 01 	lds	r24, 0x0106	; 0x800106 <cano2>
     35e:	90 91 07 01 	lds	r25, 0x0107	; 0x800107 <cano2+0x1>
     362:	68 17       	cp	r22, r24
     364:	79 07       	cpc	r23, r25
     366:	19 f5       	brne	.+70     	; 0x3ae <__vector_11+0xf2>
     368:	60 91 9c 03 	lds	r22, 0x039C	; 0x80039c <contadorCentesimoUnidade>
     36c:	70 91 9d 03 	lds	r23, 0x039D	; 0x80039d <contadorCentesimoUnidade+0x1>
     370:	6f 5f       	subi	r22, 0xFF	; 255
     372:	7f 4f       	sbci	r23, 0xFF	; 255
     374:	70 93 9d 03 	sts	0x039D, r23	; 0x80039d <contadorCentesimoUnidade+0x1>
     378:	60 93 9c 03 	sts	0x039C, r22	; 0x80039c <contadorCentesimoUnidade>
     37c:	6a 30       	cpi	r22, 0x0A	; 10
     37e:	71 05       	cpc	r23, r1
     380:	b4 f0       	brlt	.+44     	; 0x3ae <__vector_11+0xf2>
     382:	60 91 9a 03 	lds	r22, 0x039A	; 0x80039a <contadorCentesimoDezena>
     386:	70 91 9b 03 	lds	r23, 0x039B	; 0x80039b <contadorCentesimoDezena+0x1>
     38a:	6f 5f       	subi	r22, 0xFF	; 255
     38c:	7f 4f       	sbci	r23, 0xFF	; 255
     38e:	6a 30       	cpi	r22, 0x0A	; 10
     390:	71 05       	cpc	r23, r1
     392:	2c f4       	brge	.+10     	; 0x39e <__vector_11+0xe2>
     394:	70 93 9b 03 	sts	0x039B, r23	; 0x80039b <contadorCentesimoDezena+0x1>
     398:	60 93 9a 03 	sts	0x039A, r22	; 0x80039a <contadorCentesimoDezena>
     39c:	04 c0       	rjmp	.+8      	; 0x3a6 <__vector_11+0xea>
     39e:	10 92 9b 03 	sts	0x039B, r1	; 0x80039b <contadorCentesimoDezena+0x1>
     3a2:	10 92 9a 03 	sts	0x039A, r1	; 0x80039a <contadorCentesimoDezena>
     3a6:	10 92 9d 03 	sts	0x039D, r1	; 0x80039d <contadorCentesimoUnidade+0x1>
     3aa:	10 92 9c 03 	sts	0x039C, r1	; 0x80039c <contadorCentesimoUnidade>
     3ae:	60 91 04 01 	lds	r22, 0x0104	; 0x800104 <yc>
     3b2:	70 91 05 01 	lds	r23, 0x0105	; 0x800105 <yc+0x1>
     3b6:	e0 91 14 01 	lds	r30, 0x0114	; 0x800114 <cano1+0x4>
     3ba:	f0 91 15 01 	lds	r31, 0x0115	; 0x800115 <cano1+0x5>
     3be:	e6 17       	cp	r30, r22
     3c0:	f7 07       	cpc	r31, r23
     3c2:	3c f4       	brge	.+14     	; 0x3d2 <__vector_11+0x116>
     3c4:	e0 91 16 01 	lds	r30, 0x0116	; 0x800116 <cano1+0x6>
     3c8:	f0 91 17 01 	lds	r31, 0x0117	; 0x800117 <cano1+0x7>
     3cc:	6e 17       	cp	r22, r30
     3ce:	7f 07       	cpc	r23, r31
     3d0:	1c f0       	brlt	.+6      	; 0x3d8 <__vector_11+0x11c>
     3d2:	42 17       	cp	r20, r18
     3d4:	53 07       	cpc	r21, r19
     3d6:	a1 f0       	breq	.+40     	; 0x400 <__EEPROM_REGION_LENGTH__>
     3d8:	e0 91 0a 01 	lds	r30, 0x010A	; 0x80010a <cano2+0x4>
     3dc:	f0 91 0b 01 	lds	r31, 0x010B	; 0x80010b <cano2+0x5>
     3e0:	e6 17       	cp	r30, r22
     3e2:	f7 07       	cpc	r31, r23
     3e4:	1c f0       	brlt	.+6      	; 0x3ec <__vector_11+0x130>
     3e6:	48 17       	cp	r20, r24
     3e8:	59 07       	cpc	r21, r25
     3ea:	51 f0       	breq	.+20     	; 0x400 <__EEPROM_REGION_LENGTH__>
     3ec:	e0 91 0c 01 	lds	r30, 0x010C	; 0x80010c <cano2+0x6>
     3f0:	f0 91 0d 01 	lds	r31, 0x010D	; 0x80010d <cano2+0x7>
     3f4:	6e 17       	cp	r22, r30
     3f6:	7f 07       	cpc	r23, r31
     3f8:	4c f0       	brlt	.+18     	; 0x40c <__EEPROM_REGION_LENGTH__+0xc>
     3fa:	48 17       	cp	r20, r24
     3fc:	59 07       	cpc	r21, r25
     3fe:	31 f4       	brne	.+12     	; 0x40c <__EEPROM_REGION_LENGTH__+0xc>
     400:	41 e0       	ldi	r20, 0x01	; 1
     402:	50 e0       	ldi	r21, 0x00	; 0
     404:	50 93 9b 01 	sts	0x019B, r21	; 0x80019b <__data_end+0x1>
     408:	40 93 9a 01 	sts	0x019A, r20	; 0x80019a <__data_end>
     40c:	40 91 51 01 	lds	r20, 0x0151	; 0x800151 <delayCano>
     410:	50 91 52 01 	lds	r21, 0x0152	; 0x800152 <delayCano+0x1>
     414:	4f 5f       	subi	r20, 0xFF	; 255
     416:	5f 4f       	sbci	r21, 0xFF	; 255
     418:	50 93 52 01 	sts	0x0152, r21	; 0x800152 <delayCano+0x1>
     41c:	40 93 51 01 	sts	0x0151, r20	; 0x800151 <delayCano>
     420:	4e 32       	cpi	r20, 0x2E	; 46
     422:	51 05       	cpc	r21, r1
     424:	0c f4       	brge	.+2      	; 0x428 <__EEPROM_REGION_LENGTH__+0x28>
     426:	85 c0       	rjmp	.+266    	; 0x532 <__EEPROM_REGION_LENGTH__+0x132>
     428:	21 50       	subi	r18, 0x01	; 1
     42a:	31 09       	sbc	r19, r1
     42c:	30 93 11 01 	sts	0x0111, r19	; 0x800111 <cano1+0x1>
     430:	20 93 10 01 	sts	0x0110, r18	; 0x800110 <cano1>
     434:	01 97       	sbiw	r24, 0x01	; 1
     436:	90 93 07 01 	sts	0x0107, r25	; 0x800107 <cano2+0x1>
     43a:	80 93 06 01 	sts	0x0106, r24	; 0x800106 <cano2>
     43e:	0e 94 93 09 	call	0x1326	; 0x1326 <rand>
     442:	62 e3       	ldi	r22, 0x32	; 50
     444:	70 e0       	ldi	r23, 0x00	; 0
     446:	0e 94 5a 07 	call	0xeb4	; 0xeb4 <__divmodhi4>
     44a:	ec 01       	movw	r28, r24
     44c:	80 91 10 01 	lds	r24, 0x0110	; 0x800110 <cano1>
     450:	90 91 11 01 	lds	r25, 0x0111	; 0x800111 <cano1+0x1>
     454:	8b 97       	sbiw	r24, 0x2b	; 43
     456:	89 f5       	brne	.+98     	; 0x4ba <__EEPROM_REGION_LENGTH__+0xba>
     458:	10 92 54 01 	sts	0x0154, r1	; 0x800154 <primeira+0x1>
     45c:	10 92 53 01 	sts	0x0153, r1	; 0x800153 <primeira>
     460:	81 e5       	ldi	r24, 0x51	; 81
     462:	90 e0       	ldi	r25, 0x00	; 0
     464:	90 93 07 01 	sts	0x0107, r25	; 0x800107 <cano2+0x1>
     468:	80 93 06 01 	sts	0x0106, r24	; 0x800106 <cano2>
     46c:	c0 fd       	sbrc	r28, 0
     46e:	13 c0       	rjmp	.+38     	; 0x496 <__EEPROM_REGION_LENGTH__+0x96>
     470:	0e 94 93 09 	call	0x1326	; 0x1326 <rand>
     474:	60 e2       	ldi	r22, 0x20	; 32
     476:	70 e0       	ldi	r23, 0x00	; 0
     478:	0e 94 5a 07 	call	0xeb4	; 0xeb4 <__divmodhi4>
     47c:	9c 01       	movw	r18, r24
     47e:	2e 5f       	subi	r18, 0xFE	; 254
     480:	3f 4f       	sbci	r19, 0xFF	; 255
     482:	30 93 0b 01 	sts	0x010B, r19	; 0x80010b <cano2+0x5>
     486:	20 93 0a 01 	sts	0x010A, r18	; 0x80010a <cano2+0x4>
     48a:	0c 96       	adiw	r24, 0x0c	; 12
     48c:	90 93 0d 01 	sts	0x010D, r25	; 0x80010d <cano2+0x7>
     490:	80 93 0c 01 	sts	0x010C, r24	; 0x80010c <cano2+0x6>
     494:	12 c0       	rjmp	.+36     	; 0x4ba <__EEPROM_REGION_LENGTH__+0xba>
     496:	0e 94 93 09 	call	0x1326	; 0x1326 <rand>
     49a:	65 e0       	ldi	r22, 0x05	; 5
     49c:	70 e0       	ldi	r23, 0x00	; 0
     49e:	0e 94 5a 07 	call	0xeb4	; 0xeb4 <__divmodhi4>
     4a2:	9c 01       	movw	r18, r24
     4a4:	23 5f       	subi	r18, 0xF3	; 243
     4a6:	3f 4f       	sbci	r19, 0xFF	; 255
     4a8:	30 93 0d 01 	sts	0x010D, r19	; 0x80010d <cano2+0x7>
     4ac:	20 93 0c 01 	sts	0x010C, r18	; 0x80010c <cano2+0x6>
     4b0:	03 96       	adiw	r24, 0x03	; 3
     4b2:	90 93 0b 01 	sts	0x010B, r25	; 0x80010b <cano2+0x5>
     4b6:	80 93 0a 01 	sts	0x010A, r24	; 0x80010a <cano2+0x4>
     4ba:	80 91 06 01 	lds	r24, 0x0106	; 0x800106 <cano2>
     4be:	90 91 07 01 	lds	r25, 0x0107	; 0x800107 <cano2+0x1>
     4c2:	8b 97       	sbiw	r24, 0x2b	; 43
     4c4:	69 f5       	brne	.+90     	; 0x520 <__EEPROM_REGION_LENGTH__+0x120>
     4c6:	81 e5       	ldi	r24, 0x51	; 81
     4c8:	90 e0       	ldi	r25, 0x00	; 0
     4ca:	90 93 11 01 	sts	0x0111, r25	; 0x800111 <cano1+0x1>
     4ce:	80 93 10 01 	sts	0x0110, r24	; 0x800110 <cano1>
     4d2:	c0 ff       	sbrs	r28, 0
     4d4:	13 c0       	rjmp	.+38     	; 0x4fc <__EEPROM_REGION_LENGTH__+0xfc>
     4d6:	0e 94 93 09 	call	0x1326	; 0x1326 <rand>
     4da:	60 e2       	ldi	r22, 0x20	; 32
     4dc:	70 e0       	ldi	r23, 0x00	; 0
     4de:	0e 94 5a 07 	call	0xeb4	; 0xeb4 <__divmodhi4>
     4e2:	9c 01       	movw	r18, r24
     4e4:	2e 5f       	subi	r18, 0xFE	; 254
     4e6:	3f 4f       	sbci	r19, 0xFF	; 255
     4e8:	30 93 15 01 	sts	0x0115, r19	; 0x800115 <cano1+0x5>
     4ec:	20 93 14 01 	sts	0x0114, r18	; 0x800114 <cano1+0x4>
     4f0:	0c 96       	adiw	r24, 0x0c	; 12
     4f2:	90 93 17 01 	sts	0x0117, r25	; 0x800117 <cano1+0x7>
     4f6:	80 93 16 01 	sts	0x0116, r24	; 0x800116 <cano1+0x6>
     4fa:	12 c0       	rjmp	.+36     	; 0x520 <__EEPROM_REGION_LENGTH__+0x120>
     4fc:	0e 94 93 09 	call	0x1326	; 0x1326 <rand>
     500:	65 e0       	ldi	r22, 0x05	; 5
     502:	70 e0       	ldi	r23, 0x00	; 0
     504:	0e 94 5a 07 	call	0xeb4	; 0xeb4 <__divmodhi4>
     508:	9c 01       	movw	r18, r24
     50a:	23 5f       	subi	r18, 0xF3	; 243
     50c:	3f 4f       	sbci	r19, 0xFF	; 255
     50e:	30 93 17 01 	sts	0x0117, r19	; 0x800117 <cano1+0x7>
     512:	20 93 16 01 	sts	0x0116, r18	; 0x800116 <cano1+0x6>
     516:	03 96       	adiw	r24, 0x03	; 3
     518:	90 93 15 01 	sts	0x0115, r25	; 0x800115 <cano1+0x5>
     51c:	80 93 14 01 	sts	0x0114, r24	; 0x800114 <cano1+0x4>
     520:	80 91 9e 01 	lds	r24, 0x019E	; 0x80019e <score>
     524:	90 91 9f 01 	lds	r25, 0x019F	; 0x80019f <score+0x1>
     528:	01 96       	adiw	r24, 0x01	; 1
     52a:	90 93 9f 01 	sts	0x019F, r25	; 0x80019f <score+0x1>
     52e:	80 93 9e 01 	sts	0x019E, r24	; 0x80019e <score>
     532:	ff 91       	pop	r31
     534:	ef 91       	pop	r30
     536:	df 91       	pop	r29
     538:	cf 91       	pop	r28
     53a:	bf 91       	pop	r27
     53c:	af 91       	pop	r26
     53e:	9f 91       	pop	r25
     540:	8f 91       	pop	r24
     542:	7f 91       	pop	r23
     544:	6f 91       	pop	r22
     546:	5f 91       	pop	r21
     548:	4f 91       	pop	r20
     54a:	3f 91       	pop	r19
     54c:	2f 91       	pop	r18
     54e:	0f 90       	pop	r0
     550:	0f be       	out	0x3f, r0	; 63
     552:	0f 90       	pop	r0
     554:	1f 90       	pop	r1
     556:	18 95       	reti

00000558 <lcd_atualizar>:
     558:	1f 93       	push	r17
     55a:	cf 93       	push	r28
     55c:	df 93       	push	r29
     55e:	ec 01       	movw	r28, r24
     560:	0e 94 5f 04 	call	0x8be	; 0x8be <nokia_lcd_clear>
     564:	20 97       	sbiw	r28, 0x00	; 0
     566:	29 f0       	breq	.+10     	; 0x572 <lcd_atualizar+0x1a>
     568:	c1 30       	cpi	r28, 0x01	; 1
     56a:	d1 05       	cpc	r29, r1
     56c:	09 f4       	brne	.+2      	; 0x570 <lcd_atualizar+0x18>
     56e:	48 c0       	rjmp	.+144    	; 0x600 <lcd_atualizar+0xa8>
     570:	3f c1       	rjmp	.+638    	; 0x7f0 <lcd_atualizar+0x298>
     572:	0e 94 5f 04 	call	0x8be	; 0x8be <nokia_lcd_clear>
     576:	62 e0       	ldi	r22, 0x02	; 2
     578:	8a e0       	ldi	r24, 0x0A	; 10
     57a:	0e 94 54 05 	call	0xaa8	; 0xaa8 <nokia_lcd_set_cursor>
     57e:	61 e0       	ldi	r22, 0x01	; 1
     580:	8b e5       	ldi	r24, 0x5B	; 91
     582:	91 e0       	ldi	r25, 0x01	; 1
     584:	0e 94 44 05 	call	0xa88	; 0xa88 <nokia_lcd_write_string>
     588:	2f e0       	ldi	r18, 0x0F	; 15
     58a:	4e e4       	ldi	r20, 0x4E	; 78
     58c:	6e e0       	ldi	r22, 0x0E	; 14
     58e:	85 e0       	ldi	r24, 0x05	; 5
     590:	0e 94 6e 05 	call	0xadc	; 0xadc <nokia_lcd_drawline>
     594:	64 e1       	ldi	r22, 0x14	; 20
     596:	84 e1       	ldi	r24, 0x14	; 20
     598:	0e 94 54 05 	call	0xaa8	; 0xaa8 <nokia_lcd_set_cursor>
     59c:	80 91 55 01 	lds	r24, 0x0155	; 0x800155 <selecionado>
     5a0:	90 91 56 01 	lds	r25, 0x0156	; 0x800156 <selecionado+0x1>
     5a4:	01 97       	sbiw	r24, 0x01	; 1
     5a6:	69 f4       	brne	.+26     	; 0x5c2 <lcd_atualizar+0x6a>
     5a8:	61 e0       	ldi	r22, 0x01	; 1
     5aa:	87 e6       	ldi	r24, 0x67	; 103
     5ac:	91 e0       	ldi	r25, 0x01	; 1
     5ae:	0e 94 44 05 	call	0xa88	; 0xa88 <nokia_lcd_write_string>
     5b2:	6e e1       	ldi	r22, 0x1E	; 30
     5b4:	84 e1       	ldi	r24, 0x14	; 20
     5b6:	0e 94 54 05 	call	0xaa8	; 0xaa8 <nokia_lcd_set_cursor>
     5ba:	61 e0       	ldi	r22, 0x01	; 1
     5bc:	80 e7       	ldi	r24, 0x70	; 112
     5be:	91 e0       	ldi	r25, 0x01	; 1
     5c0:	13 c0       	rjmp	.+38     	; 0x5e8 <lcd_atualizar+0x90>
     5c2:	80 91 55 01 	lds	r24, 0x0155	; 0x800155 <selecionado>
     5c6:	90 91 56 01 	lds	r25, 0x0156	; 0x800156 <selecionado+0x1>
     5ca:	02 97       	sbiw	r24, 0x02	; 2
     5cc:	09 f0       	breq	.+2      	; 0x5d0 <lcd_atualizar+0x78>
     5ce:	10 c1       	rjmp	.+544    	; 0x7f0 <lcd_atualizar+0x298>
     5d0:	61 e0       	ldi	r22, 0x01	; 1
     5d2:	86 e7       	ldi	r24, 0x76	; 118
     5d4:	91 e0       	ldi	r25, 0x01	; 1
     5d6:	0e 94 44 05 	call	0xa88	; 0xa88 <nokia_lcd_write_string>
     5da:	6e e1       	ldi	r22, 0x1E	; 30
     5dc:	84 e1       	ldi	r24, 0x14	; 20
     5de:	0e 94 54 05 	call	0xaa8	; 0xaa8 <nokia_lcd_set_cursor>
     5e2:	61 e0       	ldi	r22, 0x01	; 1
     5e4:	8f e7       	ldi	r24, 0x7F	; 127
     5e6:	91 e0       	ldi	r25, 0x01	; 1
     5e8:	0e 94 44 05 	call	0xa88	; 0xa88 <nokia_lcd_write_string>
     5ec:	68 e2       	ldi	r22, 0x28	; 40
     5ee:	81 e0       	ldi	r24, 0x01	; 1
     5f0:	0e 94 54 05 	call	0xaa8	; 0xaa8 <nokia_lcd_set_cursor>
     5f4:	61 e0       	ldi	r22, 0x01	; 1
     5f6:	89 e9       	ldi	r24, 0x99	; 153
     5f8:	91 e0       	ldi	r25, 0x01	; 1
     5fa:	0e 94 44 05 	call	0xa88	; 0xa88 <nokia_lcd_write_string>
     5fe:	f8 c0       	rjmp	.+496    	; 0x7f0 <lcd_atualizar+0x298>
     600:	80 91 9a 01 	lds	r24, 0x019A	; 0x80019a <__data_end>
     604:	90 91 9b 01 	lds	r25, 0x019B	; 0x80019b <__data_end+0x1>
     608:	89 2b       	or	r24, r25
     60a:	09 f0       	breq	.+2      	; 0x60e <lcd_atualizar+0xb6>
     60c:	86 c0       	rjmp	.+268    	; 0x71a <lcd_atualizar+0x1c2>
     60e:	2f e2       	ldi	r18, 0x2F	; 47
     610:	41 e5       	ldi	r20, 0x51	; 81
     612:	6f e2       	ldi	r22, 0x2F	; 47
     614:	88 e0       	ldi	r24, 0x08	; 8
     616:	0e 94 32 06 	call	0xc64	; 0xc64 <nokia_lcd_drawrect>
     61a:	20 e0       	ldi	r18, 0x00	; 0
     61c:	41 e5       	ldi	r20, 0x51	; 81
     61e:	60 e0       	ldi	r22, 0x00	; 0
     620:	88 e0       	ldi	r24, 0x08	; 8
     622:	0e 94 32 06 	call	0xc64	; 0xc64 <nokia_lcd_drawrect>
     626:	80 91 51 01 	lds	r24, 0x0151	; 0x800151 <delayCano>
     62a:	90 91 52 01 	lds	r25, 0x0152	; 0x800152 <delayCano+0x1>
     62e:	8e 97       	sbiw	r24, 0x2e	; 46
     630:	0c f4       	brge	.+2      	; 0x634 <lcd_atualizar+0xdc>
     632:	6a c0       	rjmp	.+212    	; 0x708 <lcd_atualizar+0x1b0>
     634:	80 91 53 01 	lds	r24, 0x0153	; 0x800153 <primeira>
     638:	90 91 54 01 	lds	r25, 0x0154	; 0x800154 <primeira+0x1>
     63c:	89 2b       	or	r24, r25
     63e:	d1 f0       	breq	.+52     	; 0x674 <lcd_atualizar+0x11c>
     640:	80 91 10 01 	lds	r24, 0x0110	; 0x800110 <cano1>
     644:	90 91 11 01 	lds	r25, 0x0111	; 0x800111 <cano1+0x1>
     648:	8c 32       	cpi	r24, 0x2C	; 44
     64a:	91 05       	cpc	r25, r1
     64c:	9c f0       	brlt	.+38     	; 0x674 <lcd_atualizar+0x11c>
     64e:	20 91 14 01 	lds	r18, 0x0114	; 0x800114 <cano1+0x4>
     652:	48 2f       	mov	r20, r24
     654:	60 91 12 01 	lds	r22, 0x0112	; 0x800112 <cano1+0x2>
     658:	8e 5f       	subi	r24, 0xFE	; 254
     65a:	0e 94 32 06 	call	0xc64	; 0xc64 <nokia_lcd_drawrect>
     65e:	80 91 10 01 	lds	r24, 0x0110	; 0x800110 <cano1>
     662:	20 91 18 01 	lds	r18, 0x0118	; 0x800118 <cano1+0x8>
     666:	48 2f       	mov	r20, r24
     668:	60 91 16 01 	lds	r22, 0x0116	; 0x800116 <cano1+0x6>
     66c:	8e 5f       	subi	r24, 0xFE	; 254
     66e:	0e 94 32 06 	call	0xc64	; 0xc64 <nokia_lcd_drawrect>
     672:	4a c0       	rjmp	.+148    	; 0x708 <lcd_atualizar+0x1b0>
     674:	80 91 10 01 	lds	r24, 0x0110	; 0x800110 <cano1>
     678:	20 91 14 01 	lds	r18, 0x0114	; 0x800114 <cano1+0x4>
     67c:	48 2f       	mov	r20, r24
     67e:	60 91 12 01 	lds	r22, 0x0112	; 0x800112 <cano1+0x2>
     682:	8e 5f       	subi	r24, 0xFE	; 254
     684:	0e 94 32 06 	call	0xc64	; 0xc64 <nokia_lcd_drawrect>
     688:	80 91 10 01 	lds	r24, 0x0110	; 0x800110 <cano1>
     68c:	20 91 18 01 	lds	r18, 0x0118	; 0x800118 <cano1+0x8>
     690:	48 2f       	mov	r20, r24
     692:	60 91 16 01 	lds	r22, 0x0116	; 0x800116 <cano1+0x6>
     696:	8e 5f       	subi	r24, 0xFE	; 254
     698:	0e 94 32 06 	call	0xc64	; 0xc64 <nokia_lcd_drawrect>
     69c:	80 91 06 01 	lds	r24, 0x0106	; 0x800106 <cano2>
     6a0:	20 91 0a 01 	lds	r18, 0x010A	; 0x80010a <cano2+0x4>
     6a4:	48 2f       	mov	r20, r24
     6a6:	60 91 08 01 	lds	r22, 0x0108	; 0x800108 <cano2+0x2>
     6aa:	8e 5f       	subi	r24, 0xFE	; 254
     6ac:	0e 94 32 06 	call	0xc64	; 0xc64 <nokia_lcd_drawrect>
     6b0:	80 91 06 01 	lds	r24, 0x0106	; 0x800106 <cano2>
     6b4:	20 91 0e 01 	lds	r18, 0x010E	; 0x80010e <cano2+0x8>
     6b8:	48 2f       	mov	r20, r24
     6ba:	60 91 0c 01 	lds	r22, 0x010C	; 0x80010c <cano2+0x6>
     6be:	8e 5f       	subi	r24, 0xFE	; 254
     6c0:	0e 94 32 06 	call	0xc64	; 0xc64 <nokia_lcd_drawrect>
     6c4:	80 91 9c 03 	lds	r24, 0x039C	; 0x80039c <contadorCentesimoUnidade>
     6c8:	90 91 9d 03 	lds	r25, 0x039D	; 0x80039d <contadorCentesimoUnidade+0x1>
     6cc:	c5 e0       	ldi	r28, 0x05	; 5
     6ce:	c8 9f       	mul	r28, r24
     6d0:	b0 01       	movw	r22, r0
     6d2:	c9 9f       	mul	r28, r25
     6d4:	70 0d       	add	r23, r0
     6d6:	11 24       	eor	r1, r1
     6d8:	66 5e       	subi	r22, 0xE6	; 230
     6da:	7e 4f       	sbci	r23, 0xFE	; 254
     6dc:	82 e0       	ldi	r24, 0x02	; 2
     6de:	0e 94 3a 05 	call	0xa74	; 0xa74 <nokia_lcd_custom>
     6e2:	80 91 9a 03 	lds	r24, 0x039A	; 0x80039a <contadorCentesimoDezena>
     6e6:	90 91 9b 03 	lds	r25, 0x039B	; 0x80039b <contadorCentesimoDezena+0x1>
     6ea:	c8 9f       	mul	r28, r24
     6ec:	b0 01       	movw	r22, r0
     6ee:	c9 9f       	mul	r28, r25
     6f0:	70 0d       	add	r23, r0
     6f2:	11 24       	eor	r1, r1
     6f4:	66 5e       	subi	r22, 0xE6	; 230
     6f6:	7e 4f       	sbci	r23, 0xFE	; 254
     6f8:	81 e0       	ldi	r24, 0x01	; 1
     6fa:	0e 94 3a 05 	call	0xa74	; 0xa74 <nokia_lcd_custom>
     6fe:	61 e0       	ldi	r22, 0x01	; 1
     700:	87 e9       	ldi	r24, 0x97	; 151
     702:	91 e0       	ldi	r25, 0x01	; 1
     704:	0e 94 44 05 	call	0xa88	; 0xa88 <nokia_lcd_write_string>
     708:	40 91 00 01 	lds	r20, 0x0100	; 0x800100 <__DATA_REGION_ORIGIN__>
     70c:	60 91 04 01 	lds	r22, 0x0104	; 0x800104 <yc>
     710:	80 91 02 01 	lds	r24, 0x0102	; 0x800102 <xc>
     714:	0e 94 53 06 	call	0xca6	; 0xca6 <nokia_lcd_drawcircle>
     718:	6b c0       	rjmp	.+214    	; 0x7f0 <lcd_atualizar+0x298>
     71a:	2f ef       	ldi	r18, 0xFF	; 255
     71c:	89 e6       	ldi	r24, 0x69	; 105
     71e:	98 e1       	ldi	r25, 0x18	; 24
     720:	21 50       	subi	r18, 0x01	; 1
     722:	80 40       	sbci	r24, 0x00	; 0
     724:	90 40       	sbci	r25, 0x00	; 0
     726:	e1 f7       	brne	.-8      	; 0x720 <lcd_atualizar+0x1c8>
     728:	00 c0       	rjmp	.+0      	; 0x72a <lcd_atualizar+0x1d2>
     72a:	00 00       	nop
     72c:	62 e0       	ldi	r22, 0x02	; 2
     72e:	8a e0       	ldi	r24, 0x0A	; 10
     730:	0e 94 54 05 	call	0xaa8	; 0xaa8 <nokia_lcd_set_cursor>
     734:	61 e0       	ldi	r22, 0x01	; 1
     736:	85 e8       	ldi	r24, 0x85	; 133
     738:	91 e0       	ldi	r25, 0x01	; 1
     73a:	0e 94 44 05 	call	0xa88	; 0xa88 <nokia_lcd_write_string>
     73e:	6f e0       	ldi	r22, 0x0F	; 15
     740:	8a e0       	ldi	r24, 0x0A	; 10
     742:	0e 94 54 05 	call	0xaa8	; 0xaa8 <nokia_lcd_set_cursor>
     746:	80 91 9c 03 	lds	r24, 0x039C	; 0x80039c <contadorCentesimoUnidade>
     74a:	90 91 9d 03 	lds	r25, 0x039D	; 0x80039d <contadorCentesimoUnidade+0x1>
     74e:	15 e0       	ldi	r17, 0x05	; 5
     750:	18 9f       	mul	r17, r24
     752:	b0 01       	movw	r22, r0
     754:	19 9f       	mul	r17, r25
     756:	70 0d       	add	r23, r0
     758:	11 24       	eor	r1, r1
     75a:	66 5e       	subi	r22, 0xE6	; 230
     75c:	7e 4f       	sbci	r23, 0xFE	; 254
     75e:	82 e0       	ldi	r24, 0x02	; 2
     760:	0e 94 3a 05 	call	0xa74	; 0xa74 <nokia_lcd_custom>
     764:	80 91 9a 03 	lds	r24, 0x039A	; 0x80039a <contadorCentesimoDezena>
     768:	90 91 9b 03 	lds	r25, 0x039B	; 0x80039b <contadorCentesimoDezena+0x1>
     76c:	18 9f       	mul	r17, r24
     76e:	b0 01       	movw	r22, r0
     770:	19 9f       	mul	r17, r25
     772:	70 0d       	add	r23, r0
     774:	11 24       	eor	r1, r1
     776:	66 5e       	subi	r22, 0xE6	; 230
     778:	7e 4f       	sbci	r23, 0xFE	; 254
     77a:	81 e0       	ldi	r24, 0x01	; 1
     77c:	0e 94 3a 05 	call	0xa74	; 0xa74 <nokia_lcd_custom>
     780:	61 e0       	ldi	r22, 0x01	; 1
     782:	80 e9       	ldi	r24, 0x90	; 144
     784:	91 e0       	ldi	r25, 0x01	; 1
     786:	0e 94 44 05 	call	0xa88	; 0xa88 <nokia_lcd_write_string>
     78a:	0e 94 59 05 	call	0xab2	; 0xab2 <nokia_lcd_render>
     78e:	2f ef       	ldi	r18, 0xFF	; 255
     790:	8d e3       	ldi	r24, 0x3D	; 61
     792:	99 e4       	ldi	r25, 0x49	; 73
     794:	21 50       	subi	r18, 0x01	; 1
     796:	80 40       	sbci	r24, 0x00	; 0
     798:	90 40       	sbci	r25, 0x00	; 0
     79a:	e1 f7       	brne	.-8      	; 0x794 <lcd_atualizar+0x23c>
     79c:	00 c0       	rjmp	.+0      	; 0x79e <lcd_atualizar+0x246>
     79e:	00 00       	nop
     7a0:	10 92 9d 01 	sts	0x019D, r1	; 0x80019d <telaAtual+0x1>
     7a4:	10 92 9c 01 	sts	0x019C, r1	; 0x80019c <telaAtual>
     7a8:	d0 93 56 01 	sts	0x0156, r29	; 0x800156 <selecionado+0x1>
     7ac:	c0 93 55 01 	sts	0x0155, r28	; 0x800155 <selecionado>
     7b0:	10 92 9b 01 	sts	0x019B, r1	; 0x80019b <__data_end+0x1>
     7b4:	10 92 9a 01 	sts	0x019A, r1	; 0x80019a <__data_end>
     7b8:	d0 93 54 01 	sts	0x0154, r29	; 0x800154 <primeira+0x1>
     7bc:	c0 93 53 01 	sts	0x0153, r28	; 0x800153 <primeira>
     7c0:	81 e5       	ldi	r24, 0x51	; 81
     7c2:	90 e0       	ldi	r25, 0x00	; 0
     7c4:	90 93 11 01 	sts	0x0111, r25	; 0x800111 <cano1+0x1>
     7c8:	80 93 10 01 	sts	0x0110, r24	; 0x800110 <cano1>
     7cc:	90 93 07 01 	sts	0x0107, r25	; 0x800107 <cano2+0x1>
     7d0:	80 93 06 01 	sts	0x0106, r24	; 0x800106 <cano2>
     7d4:	88 e1       	ldi	r24, 0x18	; 24
     7d6:	90 e0       	ldi	r25, 0x00	; 0
     7d8:	90 93 05 01 	sts	0x0105, r25	; 0x800105 <yc+0x1>
     7dc:	80 93 04 01 	sts	0x0104, r24	; 0x800104 <yc>
     7e0:	10 92 9b 03 	sts	0x039B, r1	; 0x80039b <contadorCentesimoDezena+0x1>
     7e4:	10 92 9a 03 	sts	0x039A, r1	; 0x80039a <contadorCentesimoDezena>
     7e8:	10 92 9d 03 	sts	0x039D, r1	; 0x80039d <contadorCentesimoUnidade+0x1>
     7ec:	10 92 9c 03 	sts	0x039C, r1	; 0x80039c <contadorCentesimoUnidade>
     7f0:	df 91       	pop	r29
     7f2:	cf 91       	pop	r28
     7f4:	1f 91       	pop	r17
     7f6:	0c 94 59 05 	jmp	0xab2	; 0xab2 <nokia_lcd_render>

000007fa <write>:
     7fa:	29 98       	cbi	0x05, 1	; 5
     7fc:	66 23       	and	r22, r22
     7fe:	11 f0       	breq	.+4      	; 0x804 <__DATA_REGION_LENGTH__+0x4>
     800:	2b 9a       	sbi	0x05, 3	; 5
     802:	01 c0       	rjmp	.+2      	; 0x806 <__DATA_REGION_LENGTH__+0x6>
     804:	2b 98       	cbi	0x05, 3	; 5
     806:	27 e0       	ldi	r18, 0x07	; 7
     808:	30 e0       	ldi	r19, 0x00	; 0
     80a:	90 e0       	ldi	r25, 0x00	; 0
     80c:	ac 01       	movw	r20, r24
     80e:	02 2e       	mov	r0, r18
     810:	02 c0       	rjmp	.+4      	; 0x816 <__DATA_REGION_LENGTH__+0x16>
     812:	55 95       	asr	r21
     814:	47 95       	ror	r20
     816:	0a 94       	dec	r0
     818:	e2 f7       	brpl	.-8      	; 0x812 <__DATA_REGION_LENGTH__+0x12>
     81a:	40 ff       	sbrs	r20, 0
     81c:	02 c0       	rjmp	.+4      	; 0x822 <__DATA_REGION_LENGTH__+0x22>
     81e:	2c 9a       	sbi	0x05, 4	; 5
     820:	01 c0       	rjmp	.+2      	; 0x824 <__DATA_REGION_LENGTH__+0x24>
     822:	2c 98       	cbi	0x05, 4	; 5
     824:	2d 9a       	sbi	0x05, 5	; 5
     826:	2d 98       	cbi	0x05, 5	; 5
     828:	21 50       	subi	r18, 0x01	; 1
     82a:	31 09       	sbc	r19, r1
     82c:	78 f7       	brcc	.-34     	; 0x80c <__DATA_REGION_LENGTH__+0xc>
     82e:	29 9a       	sbi	0x05, 1	; 5
     830:	08 95       	ret

00000832 <write_cmd>:
     832:	60 e0       	ldi	r22, 0x00	; 0
     834:	0c 94 fd 03 	jmp	0x7fa	; 0x7fa <write>

00000838 <nokia_lcd_init>:
     838:	cf 93       	push	r28
     83a:	df 93       	push	r29
     83c:	21 9a       	sbi	0x04, 1	; 4
     83e:	22 9a       	sbi	0x04, 2	; 4
     840:	23 9a       	sbi	0x04, 3	; 4
     842:	24 9a       	sbi	0x04, 4	; 4
     844:	25 9a       	sbi	0x04, 5	; 4
     846:	2a 9a       	sbi	0x05, 2	; 5
     848:	29 9a       	sbi	0x05, 1	; 5
     84a:	8f e3       	ldi	r24, 0x3F	; 63
     84c:	9c e9       	ldi	r25, 0x9C	; 156
     84e:	01 97       	sbiw	r24, 0x01	; 1
     850:	f1 f7       	brne	.-4      	; 0x84e <nokia_lcd_init+0x16>
     852:	00 c0       	rjmp	.+0      	; 0x854 <nokia_lcd_init+0x1c>
     854:	00 00       	nop
     856:	2a 98       	cbi	0x05, 2	; 5
     858:	9f ef       	ldi	r25, 0xFF	; 255
     85a:	2a e6       	ldi	r18, 0x6A	; 106
     85c:	83 e0       	ldi	r24, 0x03	; 3
     85e:	91 50       	subi	r25, 0x01	; 1
     860:	20 40       	sbci	r18, 0x00	; 0
     862:	80 40       	sbci	r24, 0x00	; 0
     864:	e1 f7       	brne	.-8      	; 0x85e <nokia_lcd_init+0x26>
     866:	00 c0       	rjmp	.+0      	; 0x868 <nokia_lcd_init+0x30>
     868:	00 00       	nop
     86a:	2a 9a       	sbi	0x05, 2	; 5
     86c:	29 98       	cbi	0x05, 1	; 5
     86e:	81 e2       	ldi	r24, 0x21	; 33
     870:	0e 94 19 04 	call	0x832	; 0x832 <write_cmd>
     874:	83 e1       	ldi	r24, 0x13	; 19
     876:	0e 94 19 04 	call	0x832	; 0x832 <write_cmd>
     87a:	86 e0       	ldi	r24, 0x06	; 6
     87c:	0e 94 19 04 	call	0x832	; 0x832 <write_cmd>
     880:	82 ec       	ldi	r24, 0xC2	; 194
     882:	0e 94 19 04 	call	0x832	; 0x832 <write_cmd>
     886:	80 e2       	ldi	r24, 0x20	; 32
     888:	0e 94 19 04 	call	0x832	; 0x832 <write_cmd>
     88c:	89 e0       	ldi	r24, 0x09	; 9
     88e:	0e 94 19 04 	call	0x832	; 0x832 <write_cmd>
     892:	80 e8       	ldi	r24, 0x80	; 128
     894:	0e 94 19 04 	call	0x832	; 0x832 <write_cmd>
     898:	80 e4       	ldi	r24, 0x40	; 64
     89a:	0e 94 19 04 	call	0x832	; 0x832 <write_cmd>
     89e:	c8 ef       	ldi	r28, 0xF8	; 248
     8a0:	d1 e0       	ldi	r29, 0x01	; 1
     8a2:	61 e0       	ldi	r22, 0x01	; 1
     8a4:	80 e0       	ldi	r24, 0x00	; 0
     8a6:	0e 94 fd 03 	call	0x7fa	; 0x7fa <write>
     8aa:	21 97       	sbiw	r28, 0x01	; 1
     8ac:	d1 f7       	brne	.-12     	; 0x8a2 <nokia_lcd_init+0x6a>
     8ae:	88 e0       	ldi	r24, 0x08	; 8
     8b0:	0e 94 19 04 	call	0x832	; 0x832 <write_cmd>
     8b4:	8c e0       	ldi	r24, 0x0C	; 12
     8b6:	df 91       	pop	r29
     8b8:	cf 91       	pop	r28
     8ba:	0c 94 19 04 	jmp	0x832	; 0x832 <write_cmd>

000008be <nokia_lcd_clear>:
     8be:	80 e8       	ldi	r24, 0x80	; 128
     8c0:	0e 94 19 04 	call	0x832	; 0x832 <write_cmd>
     8c4:	80 e4       	ldi	r24, 0x40	; 64
     8c6:	0e 94 19 04 	call	0x832	; 0x832 <write_cmd>
     8ca:	10 92 98 03 	sts	0x0398, r1	; 0x800398 <nokia_lcd+0x1f8>
     8ce:	10 92 99 03 	sts	0x0399, r1	; 0x800399 <nokia_lcd+0x1f9>
     8d2:	88 ef       	ldi	r24, 0xF8	; 248
     8d4:	91 e0       	ldi	r25, 0x01	; 1
     8d6:	e0 ea       	ldi	r30, 0xA0	; 160
     8d8:	f1 e0       	ldi	r31, 0x01	; 1
     8da:	df 01       	movw	r26, r30
     8dc:	9c 01       	movw	r18, r24
     8de:	1d 92       	st	X+, r1
     8e0:	21 50       	subi	r18, 0x01	; 1
     8e2:	30 40       	sbci	r19, 0x00	; 0
     8e4:	e1 f7       	brne	.-8      	; 0x8de <nokia_lcd_clear+0x20>
     8e6:	08 95       	ret

000008e8 <nokia_lcd_power>:
     8e8:	81 11       	cpse	r24, r1
     8ea:	02 c0       	rjmp	.+4      	; 0x8f0 <nokia_lcd_power+0x8>
     8ec:	84 e2       	ldi	r24, 0x24	; 36
     8ee:	01 c0       	rjmp	.+2      	; 0x8f2 <nokia_lcd_power+0xa>
     8f0:	80 e2       	ldi	r24, 0x20	; 32
     8f2:	0c 94 19 04 	jmp	0x832	; 0x832 <write_cmd>

000008f6 <nokia_lcd_set_pixel>:
     8f6:	96 2f       	mov	r25, r22
     8f8:	96 95       	lsr	r25
     8fa:	96 95       	lsr	r25
     8fc:	96 95       	lsr	r25
     8fe:	e8 2f       	mov	r30, r24
     900:	f0 e0       	ldi	r31, 0x00	; 0
     902:	84 e5       	ldi	r24, 0x54	; 84
     904:	98 9f       	mul	r25, r24
     906:	e0 0d       	add	r30, r0
     908:	f1 1d       	adc	r31, r1
     90a:	11 24       	eor	r1, r1
     90c:	e0 56       	subi	r30, 0x60	; 96
     90e:	fe 4f       	sbci	r31, 0xFE	; 254
     910:	67 70       	andi	r22, 0x07	; 7
     912:	81 e0       	ldi	r24, 0x01	; 1
     914:	90 e0       	ldi	r25, 0x00	; 0
     916:	01 c0       	rjmp	.+2      	; 0x91a <__stack+0x1b>
     918:	88 0f       	add	r24, r24
     91a:	6a 95       	dec	r22
     91c:	ea f7       	brpl	.-6      	; 0x918 <__stack+0x19>
     91e:	44 23       	and	r20, r20
     920:	19 f0       	breq	.+6      	; 0x928 <__stack+0x29>
     922:	90 81       	ld	r25, Z
     924:	89 2b       	or	r24, r25
     926:	03 c0       	rjmp	.+6      	; 0x92e <__stack+0x2f>
     928:	80 95       	com	r24
     92a:	90 81       	ld	r25, Z
     92c:	89 23       	and	r24, r25
     92e:	80 83       	st	Z, r24
     930:	08 95       	ret

00000932 <nokia_lcd_write_char>:
     932:	8f 92       	push	r8
     934:	9f 92       	push	r9
     936:	af 92       	push	r10
     938:	bf 92       	push	r11
     93a:	df 92       	push	r13
     93c:	ef 92       	push	r14
     93e:	ff 92       	push	r15
     940:	0f 93       	push	r16
     942:	1f 93       	push	r17
     944:	cf 93       	push	r28
     946:	df 93       	push	r29
     948:	00 d0       	rcall	.+0      	; 0x94a <nokia_lcd_write_char+0x18>
     94a:	00 d0       	rcall	.+0      	; 0x94c <nokia_lcd_write_char+0x1a>
     94c:	1f 92       	push	r1
     94e:	cd b7       	in	r28, 0x3d	; 61
     950:	de b7       	in	r29, 0x3e	; 62
     952:	f6 2e       	mov	r15, r22
     954:	28 2f       	mov	r18, r24
     956:	08 2e       	mov	r0, r24
     958:	00 0c       	add	r0, r0
     95a:	33 0b       	sbc	r19, r19
     95c:	80 32       	cpi	r24, 0x20	; 32
     95e:	6c f0       	brlt	.+26     	; 0x97a <nokia_lcd_write_char+0x48>
     960:	20 52       	subi	r18, 0x20	; 32
     962:	31 09       	sbc	r19, r1
     964:	85 e0       	ldi	r24, 0x05	; 5
     966:	82 9f       	mul	r24, r18
     968:	b0 01       	movw	r22, r0
     96a:	83 9f       	mul	r24, r19
     96c:	70 0d       	add	r23, r0
     96e:	11 24       	eor	r1, r1
     970:	68 59       	subi	r22, 0x98	; 152
     972:	7f 4f       	sbci	r23, 0xFF	; 255
     974:	45 e0       	ldi	r20, 0x05	; 5
     976:	50 e0       	ldi	r21, 0x00	; 0
     978:	0e c0       	rjmp	.+28     	; 0x996 <nokia_lcd_write_char+0x64>
     97a:	22 0f       	add	r18, r18
     97c:	33 1f       	adc	r19, r19
     97e:	f9 01       	movw	r30, r18
     980:	e2 56       	subi	r30, 0x62	; 98
     982:	fc 4f       	sbci	r31, 0xFC	; 252
     984:	00 81       	ld	r16, Z
     986:	11 81       	ldd	r17, Z+1	; 0x01
     988:	01 15       	cp	r16, r1
     98a:	11 05       	cpc	r17, r1
     98c:	59 f4       	brne	.+22     	; 0x9a4 <nokia_lcd_write_char+0x72>
     98e:	45 e0       	ldi	r20, 0x05	; 5
     990:	50 e0       	ldi	r21, 0x00	; 0
     992:	68 e6       	ldi	r22, 0x68	; 104
     994:	70 e0       	ldi	r23, 0x00	; 0
     996:	ce 01       	movw	r24, r28
     998:	01 96       	adiw	r24, 0x01	; 1
     99a:	0e 94 a3 09 	call	0x1346	; 0x1346 <memcpy_P>
     99e:	8e 01       	movw	r16, r28
     9a0:	0f 5f       	subi	r16, 0xFF	; 255
     9a2:	1f 4f       	sbci	r17, 0xFF	; 255
     9a4:	85 e0       	ldi	r24, 0x05	; 5
     9a6:	f8 9e       	mul	r15, r24
     9a8:	50 01       	movw	r10, r0
     9aa:	11 24       	eor	r1, r1
     9ac:	97 e0       	ldi	r25, 0x07	; 7
     9ae:	f9 9e       	mul	r15, r25
     9b0:	40 01       	movw	r8, r0
     9b2:	11 24       	eor	r1, r1
     9b4:	d1 2c       	mov	r13, r1
     9b6:	8d 2d       	mov	r24, r13
     9b8:	90 e0       	ldi	r25, 0x00	; 0
     9ba:	8a 15       	cp	r24, r10
     9bc:	9b 05       	cpc	r25, r11
     9be:	44 f5       	brge	.+80     	; 0xa10 <nokia_lcd_write_char+0xde>
     9c0:	e1 2c       	mov	r14, r1
     9c2:	8e 2d       	mov	r24, r14
     9c4:	90 e0       	ldi	r25, 0x00	; 0
     9c6:	88 15       	cp	r24, r8
     9c8:	99 05       	cpc	r25, r9
     9ca:	04 f5       	brge	.+64     	; 0xa0c <nokia_lcd_write_char+0xda>
     9cc:	8d 2d       	mov	r24, r13
     9ce:	6f 2d       	mov	r22, r15
     9d0:	0e 94 4e 07 	call	0xe9c	; 0xe9c <__udivmodqi4>
     9d4:	f8 01       	movw	r30, r16
     9d6:	e8 0f       	add	r30, r24
     9d8:	f1 1d       	adc	r31, r1
     9da:	20 81       	ld	r18, Z
     9dc:	30 e0       	ldi	r19, 0x00	; 0
     9de:	8e 2d       	mov	r24, r14
     9e0:	0e 94 4e 07 	call	0xe9c	; 0xe9c <__udivmodqi4>
     9e4:	02 c0       	rjmp	.+4      	; 0x9ea <nokia_lcd_write_char+0xb8>
     9e6:	35 95       	asr	r19
     9e8:	27 95       	ror	r18
     9ea:	8a 95       	dec	r24
     9ec:	e2 f7       	brpl	.-8      	; 0x9e6 <nokia_lcd_write_char+0xb4>
     9ee:	60 91 99 03 	lds	r22, 0x0399	; 0x800399 <nokia_lcd+0x1f9>
     9f2:	80 91 98 03 	lds	r24, 0x0398	; 0x800398 <nokia_lcd+0x1f8>
     9f6:	6e 0d       	add	r22, r14
     9f8:	20 ff       	sbrs	r18, 0
     9fa:	02 c0       	rjmp	.+4      	; 0xa00 <nokia_lcd_write_char+0xce>
     9fc:	41 e0       	ldi	r20, 0x01	; 1
     9fe:	01 c0       	rjmp	.+2      	; 0xa02 <nokia_lcd_write_char+0xd0>
     a00:	40 e0       	ldi	r20, 0x00	; 0
     a02:	8d 0d       	add	r24, r13
     a04:	0e 94 7b 04 	call	0x8f6	; 0x8f6 <nokia_lcd_set_pixel>
     a08:	e3 94       	inc	r14
     a0a:	db cf       	rjmp	.-74     	; 0x9c2 <nokia_lcd_write_char+0x90>
     a0c:	d3 94       	inc	r13
     a0e:	d3 cf       	rjmp	.-90     	; 0x9b6 <nokia_lcd_write_char+0x84>
     a10:	80 91 98 03 	lds	r24, 0x0398	; 0x800398 <nokia_lcd+0x1f8>
     a14:	91 e0       	ldi	r25, 0x01	; 1
     a16:	98 0f       	add	r25, r24
     a18:	8f 2d       	mov	r24, r15
     a1a:	88 0f       	add	r24, r24
     a1c:	88 0f       	add	r24, r24
     a1e:	8f 0d       	add	r24, r15
     a20:	89 0f       	add	r24, r25
     a22:	84 35       	cpi	r24, 0x54	; 84
     a24:	18 f4       	brcc	.+6      	; 0xa2c <nokia_lcd_write_char+0xfa>
     a26:	80 93 98 03 	sts	0x0398, r24	; 0x800398 <nokia_lcd+0x1f8>
     a2a:	0b c0       	rjmp	.+22     	; 0xa42 <nokia_lcd_write_char+0x110>
     a2c:	10 92 98 03 	sts	0x0398, r1	; 0x800398 <nokia_lcd+0x1f8>
     a30:	80 91 99 03 	lds	r24, 0x0399	; 0x800399 <nokia_lcd+0x1f9>
     a34:	8f 5f       	subi	r24, 0xFF	; 255
     a36:	97 e0       	ldi	r25, 0x07	; 7
     a38:	f9 9e       	mul	r15, r25
     a3a:	80 0d       	add	r24, r0
     a3c:	11 24       	eor	r1, r1
     a3e:	80 93 99 03 	sts	0x0399, r24	; 0x800399 <nokia_lcd+0x1f9>
     a42:	80 91 99 03 	lds	r24, 0x0399	; 0x800399 <nokia_lcd+0x1f9>
     a46:	80 33       	cpi	r24, 0x30	; 48
     a48:	20 f0       	brcs	.+8      	; 0xa52 <nokia_lcd_write_char+0x120>
     a4a:	10 92 98 03 	sts	0x0398, r1	; 0x800398 <nokia_lcd+0x1f8>
     a4e:	10 92 99 03 	sts	0x0399, r1	; 0x800399 <nokia_lcd+0x1f9>
     a52:	0f 90       	pop	r0
     a54:	0f 90       	pop	r0
     a56:	0f 90       	pop	r0
     a58:	0f 90       	pop	r0
     a5a:	0f 90       	pop	r0
     a5c:	df 91       	pop	r29
     a5e:	cf 91       	pop	r28
     a60:	1f 91       	pop	r17
     a62:	0f 91       	pop	r16
     a64:	ff 90       	pop	r15
     a66:	ef 90       	pop	r14
     a68:	df 90       	pop	r13
     a6a:	bf 90       	pop	r11
     a6c:	af 90       	pop	r10
     a6e:	9f 90       	pop	r9
     a70:	8f 90       	pop	r8
     a72:	08 95       	ret

00000a74 <nokia_lcd_custom>:
     a74:	80 32       	cpi	r24, 0x20	; 32
     a76:	3c f4       	brge	.+14     	; 0xa86 <nokia_lcd_custom+0x12>
     a78:	e8 2f       	mov	r30, r24
     a7a:	ee 0f       	add	r30, r30
     a7c:	ff 0b       	sbc	r31, r31
     a7e:	e2 56       	subi	r30, 0x62	; 98
     a80:	fc 4f       	sbci	r31, 0xFC	; 252
     a82:	71 83       	std	Z+1, r23	; 0x01
     a84:	60 83       	st	Z, r22
     a86:	08 95       	ret

00000a88 <nokia_lcd_write_string>:
     a88:	1f 93       	push	r17
     a8a:	cf 93       	push	r28
     a8c:	df 93       	push	r29
     a8e:	16 2f       	mov	r17, r22
     a90:	ec 01       	movw	r28, r24
     a92:	89 91       	ld	r24, Y+
     a94:	88 23       	and	r24, r24
     a96:	21 f0       	breq	.+8      	; 0xaa0 <nokia_lcd_write_string+0x18>
     a98:	61 2f       	mov	r22, r17
     a9a:	0e 94 99 04 	call	0x932	; 0x932 <nokia_lcd_write_char>
     a9e:	f9 cf       	rjmp	.-14     	; 0xa92 <nokia_lcd_write_string+0xa>
     aa0:	df 91       	pop	r29
     aa2:	cf 91       	pop	r28
     aa4:	1f 91       	pop	r17
     aa6:	08 95       	ret

00000aa8 <nokia_lcd_set_cursor>:
     aa8:	80 93 98 03 	sts	0x0398, r24	; 0x800398 <nokia_lcd+0x1f8>
     aac:	60 93 99 03 	sts	0x0399, r22	; 0x800399 <nokia_lcd+0x1f9>
     ab0:	08 95       	ret

00000ab2 <nokia_lcd_render>:
     ab2:	cf 93       	push	r28
     ab4:	df 93       	push	r29
     ab6:	80 e8       	ldi	r24, 0x80	; 128
     ab8:	0e 94 19 04 	call	0x832	; 0x832 <write_cmd>
     abc:	80 e4       	ldi	r24, 0x40	; 64
     abe:	0e 94 19 04 	call	0x832	; 0x832 <write_cmd>
     ac2:	c0 ea       	ldi	r28, 0xA0	; 160
     ac4:	d1 e0       	ldi	r29, 0x01	; 1
     ac6:	61 e0       	ldi	r22, 0x01	; 1
     ac8:	89 91       	ld	r24, Y+
     aca:	0e 94 fd 03 	call	0x7fa	; 0x7fa <write>
     ace:	83 e0       	ldi	r24, 0x03	; 3
     ad0:	c8 39       	cpi	r28, 0x98	; 152
     ad2:	d8 07       	cpc	r29, r24
     ad4:	c1 f7       	brne	.-16     	; 0xac6 <nokia_lcd_render+0x14>
     ad6:	df 91       	pop	r29
     ad8:	cf 91       	pop	r28
     ada:	08 95       	ret

00000adc <nokia_lcd_drawline>:
     adc:	4f 92       	push	r4
     ade:	5f 92       	push	r5
     ae0:	6f 92       	push	r6
     ae2:	7f 92       	push	r7
     ae4:	8f 92       	push	r8
     ae6:	9f 92       	push	r9
     ae8:	af 92       	push	r10
     aea:	bf 92       	push	r11
     aec:	cf 92       	push	r12
     aee:	df 92       	push	r13
     af0:	ef 92       	push	r14
     af2:	ff 92       	push	r15
     af4:	cf 93       	push	r28
     af6:	df 93       	push	r29
     af8:	cd b7       	in	r28, 0x3d	; 61
     afa:	de b7       	in	r29, 0x3e	; 62
     afc:	2e 97       	sbiw	r28, 0x0e	; 14
     afe:	0f b6       	in	r0, 0x3f	; 63
     b00:	f8 94       	cli
     b02:	de bf       	out	0x3e, r29	; 62
     b04:	0f be       	out	0x3f, r0	; 63
     b06:	cd bf       	out	0x3d, r28	; 61
     b08:	8d 87       	std	Y+13, r24	; 0x0d
     b0a:	69 87       	std	Y+9, r22	; 0x09
     b0c:	f2 2e       	mov	r15, r18
     b0e:	64 2f       	mov	r22, r20
     b10:	70 e0       	ldi	r23, 0x00	; 0
     b12:	68 1b       	sub	r22, r24
     b14:	71 09       	sbc	r23, r1
     b16:	07 2e       	mov	r0, r23
     b18:	00 0c       	add	r0, r0
     b1a:	88 0b       	sbc	r24, r24
     b1c:	99 0b       	sbc	r25, r25
     b1e:	0e 94 92 08 	call	0x1124	; 0x1124 <__floatsisf>
     b22:	4b 01       	movw	r8, r22
     b24:	5c 01       	movw	r10, r24
     b26:	6f 2d       	mov	r22, r15
     b28:	70 e0       	ldi	r23, 0x00	; 0
     b2a:	29 85       	ldd	r18, Y+9	; 0x09
     b2c:	62 1b       	sub	r22, r18
     b2e:	71 09       	sbc	r23, r1
     b30:	07 2e       	mov	r0, r23
     b32:	00 0c       	add	r0, r0
     b34:	88 0b       	sbc	r24, r24
     b36:	99 0b       	sbc	r25, r25
     b38:	0e 94 92 08 	call	0x1124	; 0x1124 <__floatsisf>
     b3c:	6b 01       	movw	r12, r22
     b3e:	7c 01       	movw	r14, r24
     b40:	24 01       	movw	r4, r8
     b42:	35 01       	movw	r6, r10
     b44:	e8 94       	clt
     b46:	77 f8       	bld	r7, 7
     b48:	dc 01       	movw	r26, r24
     b4a:	cb 01       	movw	r24, r22
     b4c:	bf 77       	andi	r27, 0x7F	; 127
     b4e:	89 83       	std	Y+1, r24	; 0x01
     b50:	9a 83       	std	Y+2, r25	; 0x02
     b52:	ab 83       	std	Y+3, r26	; 0x03
     b54:	bc 83       	std	Y+4, r27	; 0x04
     b56:	9c 01       	movw	r18, r24
     b58:	ad 01       	movw	r20, r26
     b5a:	c3 01       	movw	r24, r6
     b5c:	b2 01       	movw	r22, r4
     b5e:	0e 94 1e 09 	call	0x123c	; 0x123c <__gesf2>
     b62:	87 ff       	sbrs	r24, 7
     b64:	04 c0       	rjmp	.+8      	; 0xb6e <nokia_lcd_drawline+0x92>
     b66:	49 80       	ldd	r4, Y+1	; 0x01
     b68:	5a 80       	ldd	r5, Y+2	; 0x02
     b6a:	6b 80       	ldd	r6, Y+3	; 0x03
     b6c:	7c 80       	ldd	r7, Y+4	; 0x04
     b6e:	a3 01       	movw	r20, r6
     b70:	92 01       	movw	r18, r4
     b72:	c5 01       	movw	r24, r10
     b74:	b4 01       	movw	r22, r8
     b76:	0e 94 ef 07 	call	0xfde	; 0xfde <__divsf3>
     b7a:	69 83       	std	Y+1, r22	; 0x01
     b7c:	7a 83       	std	Y+2, r23	; 0x02
     b7e:	8b 83       	std	Y+3, r24	; 0x03
     b80:	9c 83       	std	Y+4, r25	; 0x04
     b82:	a3 01       	movw	r20, r6
     b84:	92 01       	movw	r18, r4
     b86:	c7 01       	movw	r24, r14
     b88:	b6 01       	movw	r22, r12
     b8a:	0e 94 ef 07 	call	0xfde	; 0xfde <__divsf3>
     b8e:	6d 83       	std	Y+5, r22	; 0x05
     b90:	7e 83       	std	Y+6, r23	; 0x06
     b92:	8f 83       	std	Y+7, r24	; 0x07
     b94:	98 87       	std	Y+8, r25	; 0x08
     b96:	ad 85       	ldd	r26, Y+13	; 0x0d
     b98:	6a 2f       	mov	r22, r26
     b9a:	70 e0       	ldi	r23, 0x00	; 0
     b9c:	80 e0       	ldi	r24, 0x00	; 0
     b9e:	90 e0       	ldi	r25, 0x00	; 0
     ba0:	0e 94 90 08 	call	0x1120	; 0x1120 <__floatunsisf>
     ba4:	6b 01       	movw	r12, r22
     ba6:	7c 01       	movw	r14, r24
     ba8:	b9 85       	ldd	r27, Y+9	; 0x09
     baa:	6b 2f       	mov	r22, r27
     bac:	70 e0       	ldi	r23, 0x00	; 0
     bae:	80 e0       	ldi	r24, 0x00	; 0
     bb0:	90 e0       	ldi	r25, 0x00	; 0
     bb2:	0e 94 90 08 	call	0x1120	; 0x1120 <__floatunsisf>
     bb6:	4b 01       	movw	r8, r22
     bb8:	5c 01       	movw	r10, r24
     bba:	21 e0       	ldi	r18, 0x01	; 1
     bbc:	30 e0       	ldi	r19, 0x00	; 0
     bbe:	3e 87       	std	Y+14, r19	; 0x0e
     bc0:	2d 87       	std	Y+13, r18	; 0x0d
     bc2:	ad 85       	ldd	r26, Y+13	; 0x0d
     bc4:	be 85       	ldd	r27, Y+14	; 0x0e
     bc6:	bd 01       	movw	r22, r26
     bc8:	bb 0f       	add	r27, r27
     bca:	88 0b       	sbc	r24, r24
     bcc:	99 0b       	sbc	r25, r25
     bce:	0e 94 92 08 	call	0x1124	; 0x1124 <__floatsisf>
     bd2:	9b 01       	movw	r18, r22
     bd4:	ac 01       	movw	r20, r24
     bd6:	c3 01       	movw	r24, r6
     bd8:	b2 01       	movw	r22, r4
     bda:	0e 94 1e 09 	call	0x123c	; 0x123c <__gesf2>
     bde:	87 fd       	sbrc	r24, 7
     be0:	2c c0       	rjmp	.+88     	; 0xc3a <nokia_lcd_drawline+0x15e>
     be2:	c5 01       	movw	r24, r10
     be4:	b4 01       	movw	r22, r8
     be6:	0e 94 61 08 	call	0x10c2	; 0x10c2 <__fixunssfsi>
     bea:	69 87       	std	Y+9, r22	; 0x09
     bec:	7a 87       	std	Y+10, r23	; 0x0a
     bee:	8b 87       	std	Y+11, r24	; 0x0b
     bf0:	9c 87       	std	Y+12, r25	; 0x0c
     bf2:	c7 01       	movw	r24, r14
     bf4:	b6 01       	movw	r22, r12
     bf6:	0e 94 61 08 	call	0x10c2	; 0x10c2 <__fixunssfsi>
     bfa:	dc 01       	movw	r26, r24
     bfc:	cb 01       	movw	r24, r22
     bfe:	41 e0       	ldi	r20, 0x01	; 1
     c00:	69 85       	ldd	r22, Y+9	; 0x09
     c02:	0e 94 7b 04 	call	0x8f6	; 0x8f6 <nokia_lcd_set_pixel>
     c06:	29 81       	ldd	r18, Y+1	; 0x01
     c08:	3a 81       	ldd	r19, Y+2	; 0x02
     c0a:	4b 81       	ldd	r20, Y+3	; 0x03
     c0c:	5c 81       	ldd	r21, Y+4	; 0x04
     c0e:	c7 01       	movw	r24, r14
     c10:	b6 01       	movw	r22, r12
     c12:	0e 94 83 07 	call	0xf06	; 0xf06 <__addsf3>
     c16:	6b 01       	movw	r12, r22
     c18:	7c 01       	movw	r14, r24
     c1a:	2d 81       	ldd	r18, Y+5	; 0x05
     c1c:	3e 81       	ldd	r19, Y+6	; 0x06
     c1e:	4f 81       	ldd	r20, Y+7	; 0x07
     c20:	58 85       	ldd	r21, Y+8	; 0x08
     c22:	c5 01       	movw	r24, r10
     c24:	b4 01       	movw	r22, r8
     c26:	0e 94 83 07 	call	0xf06	; 0xf06 <__addsf3>
     c2a:	4b 01       	movw	r8, r22
     c2c:	5c 01       	movw	r10, r24
     c2e:	8d 85       	ldd	r24, Y+13	; 0x0d
     c30:	9e 85       	ldd	r25, Y+14	; 0x0e
     c32:	01 96       	adiw	r24, 0x01	; 1
     c34:	9e 87       	std	Y+14, r25	; 0x0e
     c36:	8d 87       	std	Y+13, r24	; 0x0d
     c38:	c4 cf       	rjmp	.-120    	; 0xbc2 <nokia_lcd_drawline+0xe6>
     c3a:	2e 96       	adiw	r28, 0x0e	; 14
     c3c:	0f b6       	in	r0, 0x3f	; 63
     c3e:	f8 94       	cli
     c40:	de bf       	out	0x3e, r29	; 62
     c42:	0f be       	out	0x3f, r0	; 63
     c44:	cd bf       	out	0x3d, r28	; 61
     c46:	df 91       	pop	r29
     c48:	cf 91       	pop	r28
     c4a:	ff 90       	pop	r15
     c4c:	ef 90       	pop	r14
     c4e:	df 90       	pop	r13
     c50:	cf 90       	pop	r12
     c52:	bf 90       	pop	r11
     c54:	af 90       	pop	r10
     c56:	9f 90       	pop	r9
     c58:	8f 90       	pop	r8
     c5a:	7f 90       	pop	r7
     c5c:	6f 90       	pop	r6
     c5e:	5f 90       	pop	r5
     c60:	4f 90       	pop	r4
     c62:	08 95       	ret

00000c64 <nokia_lcd_drawrect>:
     c64:	0f 93       	push	r16
     c66:	1f 93       	push	r17
     c68:	cf 93       	push	r28
     c6a:	df 93       	push	r29
     c6c:	c8 2f       	mov	r28, r24
     c6e:	16 2f       	mov	r17, r22
     c70:	04 2f       	mov	r16, r20
     c72:	d2 2f       	mov	r29, r18
     c74:	26 2f       	mov	r18, r22
     c76:	0e 94 6e 05 	call	0xadc	; 0xadc <nokia_lcd_drawline>
     c7a:	2d 2f       	mov	r18, r29
     c7c:	40 2f       	mov	r20, r16
     c7e:	61 2f       	mov	r22, r17
     c80:	80 2f       	mov	r24, r16
     c82:	0e 94 6e 05 	call	0xadc	; 0xadc <nokia_lcd_drawline>
     c86:	2d 2f       	mov	r18, r29
     c88:	4c 2f       	mov	r20, r28
     c8a:	6d 2f       	mov	r22, r29
     c8c:	80 2f       	mov	r24, r16
     c8e:	0e 94 6e 05 	call	0xadc	; 0xadc <nokia_lcd_drawline>
     c92:	21 2f       	mov	r18, r17
     c94:	4c 2f       	mov	r20, r28
     c96:	6d 2f       	mov	r22, r29
     c98:	8c 2f       	mov	r24, r28
     c9a:	df 91       	pop	r29
     c9c:	cf 91       	pop	r28
     c9e:	1f 91       	pop	r17
     ca0:	0f 91       	pop	r16
     ca2:	0c 94 6e 05 	jmp	0xadc	; 0xadc <nokia_lcd_drawline>

00000ca6 <nokia_lcd_drawcircle>:
     ca6:	7f 92       	push	r7
     ca8:	8f 92       	push	r8
     caa:	9f 92       	push	r9
     cac:	af 92       	push	r10
     cae:	bf 92       	push	r11
     cb0:	cf 92       	push	r12
     cb2:	df 92       	push	r13
     cb4:	ef 92       	push	r14
     cb6:	ff 92       	push	r15
     cb8:	0f 93       	push	r16
     cba:	1f 93       	push	r17
     cbc:	cf 93       	push	r28
     cbe:	df 93       	push	r29
     cc0:	d8 2e       	mov	r13, r24
     cc2:	c6 2e       	mov	r12, r22
     cc4:	c4 2f       	mov	r28, r20
     cc6:	d0 e0       	ldi	r29, 0x00	; 0
     cc8:	e1 2c       	mov	r14, r1
     cca:	f1 2c       	mov	r15, r1
     ccc:	00 e0       	ldi	r16, 0x00	; 0
     cce:	10 e0       	ldi	r17, 0x00	; 0
     cd0:	41 e0       	ldi	r20, 0x01	; 1
     cd2:	ac 2c       	mov	r10, r12
     cd4:	a0 0e       	add	r10, r16
     cd6:	6a 2d       	mov	r22, r10
     cd8:	bc 2e       	mov	r11, r28
     cda:	bd 0c       	add	r11, r13
     cdc:	8b 2d       	mov	r24, r11
     cde:	0e 94 7b 04 	call	0x8f6	; 0x8f6 <nokia_lcd_set_pixel>
     ce2:	41 e0       	ldi	r20, 0x01	; 1
     ce4:	8c 2e       	mov	r8, r28
     ce6:	8c 0c       	add	r8, r12
     ce8:	68 2d       	mov	r22, r8
     cea:	9d 2c       	mov	r9, r13
     cec:	90 0e       	add	r9, r16
     cee:	89 2d       	mov	r24, r9
     cf0:	0e 94 7b 04 	call	0x8f6	; 0x8f6 <nokia_lcd_set_pixel>
     cf4:	41 e0       	ldi	r20, 0x01	; 1
     cf6:	68 2d       	mov	r22, r8
     cf8:	7d 2c       	mov	r7, r13
     cfa:	70 1a       	sub	r7, r16
     cfc:	87 2d       	mov	r24, r7
     cfe:	0e 94 7b 04 	call	0x8f6	; 0x8f6 <nokia_lcd_set_pixel>
     d02:	41 e0       	ldi	r20, 0x01	; 1
     d04:	6a 2d       	mov	r22, r10
     d06:	8d 2c       	mov	r8, r13
     d08:	8c 1a       	sub	r8, r28
     d0a:	88 2d       	mov	r24, r8
     d0c:	0e 94 7b 04 	call	0x8f6	; 0x8f6 <nokia_lcd_set_pixel>
     d10:	41 e0       	ldi	r20, 0x01	; 1
     d12:	ac 2c       	mov	r10, r12
     d14:	a0 1a       	sub	r10, r16
     d16:	6a 2d       	mov	r22, r10
     d18:	88 2d       	mov	r24, r8
     d1a:	0e 94 7b 04 	call	0x8f6	; 0x8f6 <nokia_lcd_set_pixel>
     d1e:	41 e0       	ldi	r20, 0x01	; 1
     d20:	8c 2c       	mov	r8, r12
     d22:	8c 1a       	sub	r8, r28
     d24:	68 2d       	mov	r22, r8
     d26:	87 2d       	mov	r24, r7
     d28:	0e 94 7b 04 	call	0x8f6	; 0x8f6 <nokia_lcd_set_pixel>
     d2c:	41 e0       	ldi	r20, 0x01	; 1
     d2e:	68 2d       	mov	r22, r8
     d30:	89 2d       	mov	r24, r9
     d32:	0e 94 7b 04 	call	0x8f6	; 0x8f6 <nokia_lcd_set_pixel>
     d36:	41 e0       	ldi	r20, 0x01	; 1
     d38:	6a 2d       	mov	r22, r10
     d3a:	8b 2d       	mov	r24, r11
     d3c:	0e 94 7b 04 	call	0x8f6	; 0x8f6 <nokia_lcd_set_pixel>
     d40:	1e 14       	cp	r1, r14
     d42:	1f 04       	cpc	r1, r15
     d44:	5c f0       	brlt	.+22     	; 0xd5c <nokia_lcd_drawcircle+0xb6>
     d46:	0f 5f       	subi	r16, 0xFF	; 255
     d48:	1f 4f       	sbci	r17, 0xFF	; 255
     d4a:	c8 01       	movw	r24, r16
     d4c:	88 0f       	add	r24, r24
     d4e:	99 1f       	adc	r25, r25
     d50:	01 96       	adiw	r24, 0x01	; 1
     d52:	e8 0e       	add	r14, r24
     d54:	f9 1e       	adc	r15, r25
     d56:	1e 14       	cp	r1, r14
     d58:	1f 04       	cpc	r1, r15
     d5a:	3c f4       	brge	.+14     	; 0xd6a <nokia_lcd_drawcircle+0xc4>
     d5c:	21 97       	sbiw	r28, 0x01	; 1
     d5e:	ce 01       	movw	r24, r28
     d60:	88 0f       	add	r24, r24
     d62:	99 1f       	adc	r25, r25
     d64:	01 96       	adiw	r24, 0x01	; 1
     d66:	e8 1a       	sub	r14, r24
     d68:	f9 0a       	sbc	r15, r25
     d6a:	c0 17       	cp	r28, r16
     d6c:	d1 07       	cpc	r29, r17
     d6e:	0c f0       	brlt	.+2      	; 0xd72 <nokia_lcd_drawcircle+0xcc>
     d70:	af cf       	rjmp	.-162    	; 0xcd0 <nokia_lcd_drawcircle+0x2a>
     d72:	df 91       	pop	r29
     d74:	cf 91       	pop	r28
     d76:	1f 91       	pop	r17
     d78:	0f 91       	pop	r16
     d7a:	ff 90       	pop	r15
     d7c:	ef 90       	pop	r14
     d7e:	df 90       	pop	r13
     d80:	cf 90       	pop	r12
     d82:	bf 90       	pop	r11
     d84:	af 90       	pop	r10
     d86:	9f 90       	pop	r9
     d88:	8f 90       	pop	r8
     d8a:	7f 90       	pop	r7
     d8c:	08 95       	ret

00000d8e <main>:
     d8e:	50 98       	cbi	0x0a, 0	; 10
     d90:	58 9a       	sbi	0x0b, 0	; 11
     d92:	51 98       	cbi	0x0a, 1	; 10
     d94:	59 9a       	sbi	0x0b, 1	; 11
     d96:	52 98       	cbi	0x0a, 2	; 10
     d98:	5a 9a       	sbi	0x0b, 2	; 11
     d9a:	3b 98       	cbi	0x07, 3	; 7
     d9c:	43 9a       	sbi	0x08, 3	; 8
     d9e:	f8 94       	cli
     da0:	0e 94 1c 04 	call	0x838	; 0x838 <nokia_lcd_init>
     da4:	0e 94 5f 04 	call	0x8be	; 0x8be <nokia_lcd_clear>
     da8:	6c e4       	ldi	r22, 0x4C	; 76
     daa:	71 e0       	ldi	r23, 0x01	; 1
     dac:	85 e0       	ldi	r24, 0x05	; 5
     dae:	0e 94 3a 05 	call	0xa74	; 0xa74 <nokia_lcd_custom>
     db2:	0e 94 43 01 	call	0x286	; 0x286 <timer_init>
     db6:	78 94       	sei
     db8:	c2 e0       	ldi	r28, 0x02	; 2
     dba:	d0 e0       	ldi	r29, 0x00	; 0
     dbc:	80 91 9c 01 	lds	r24, 0x019C	; 0x80019c <telaAtual>
     dc0:	90 91 9d 01 	lds	r25, 0x019D	; 0x80019d <telaAtual+0x1>
     dc4:	89 2b       	or	r24, r25
     dc6:	09 f0       	breq	.+2      	; 0xdca <main+0x3c>
     dc8:	3f c0       	rjmp	.+126    	; 0xe48 <main+0xba>
     dca:	80 e0       	ldi	r24, 0x00	; 0
     dcc:	90 e0       	ldi	r25, 0x00	; 0
     dce:	0e 94 ac 02 	call	0x558	; 0x558 <lcd_atualizar>
     dd2:	48 99       	sbic	0x09, 0	; 9
     dd4:	0f c0       	rjmp	.+30     	; 0xdf4 <main+0x66>
     dd6:	81 e0       	ldi	r24, 0x01	; 1
     dd8:	90 e0       	ldi	r25, 0x00	; 0
     dda:	90 93 56 01 	sts	0x0156, r25	; 0x800156 <selecionado+0x1>
     dde:	80 93 55 01 	sts	0x0155, r24	; 0x800155 <selecionado>
     de2:	2f ef       	ldi	r18, 0xFF	; 255
     de4:	82 e5       	ldi	r24, 0x52	; 82
     de6:	97 e0       	ldi	r25, 0x07	; 7
     de8:	21 50       	subi	r18, 0x01	; 1
     dea:	80 40       	sbci	r24, 0x00	; 0
     dec:	90 40       	sbci	r25, 0x00	; 0
     dee:	e1 f7       	brne	.-8      	; 0xde8 <main+0x5a>
     df0:	00 c0       	rjmp	.+0      	; 0xdf2 <main+0x64>
     df2:	00 00       	nop
     df4:	49 99       	sbic	0x09, 1	; 9
     df6:	0d c0       	rjmp	.+26     	; 0xe12 <main+0x84>
     df8:	d0 93 56 01 	sts	0x0156, r29	; 0x800156 <selecionado+0x1>
     dfc:	c0 93 55 01 	sts	0x0155, r28	; 0x800155 <selecionado>
     e00:	2f ef       	ldi	r18, 0xFF	; 255
     e02:	82 e5       	ldi	r24, 0x52	; 82
     e04:	97 e0       	ldi	r25, 0x07	; 7
     e06:	21 50       	subi	r18, 0x01	; 1
     e08:	80 40       	sbci	r24, 0x00	; 0
     e0a:	90 40       	sbci	r25, 0x00	; 0
     e0c:	e1 f7       	brne	.-8      	; 0xe06 <main+0x78>
     e0e:	00 c0       	rjmp	.+0      	; 0xe10 <main+0x82>
     e10:	00 00       	nop
     e12:	4a 99       	sbic	0x09, 2	; 9
     e14:	0c c0       	rjmp	.+24     	; 0xe2e <main+0xa0>
     e16:	80 91 55 01 	lds	r24, 0x0155	; 0x800155 <selecionado>
     e1a:	90 91 56 01 	lds	r25, 0x0156	; 0x800156 <selecionado+0x1>
     e1e:	81 30       	cpi	r24, 0x01	; 1
     e20:	91 05       	cpc	r25, r1
     e22:	29 f4       	brne	.+10     	; 0xe2e <main+0xa0>
     e24:	90 93 9d 01 	sts	0x019D, r25	; 0x80019d <telaAtual+0x1>
     e28:	80 93 9c 01 	sts	0x019C, r24	; 0x80019c <telaAtual>
     e2c:	c7 cf       	rjmp	.-114    	; 0xdbc <main+0x2e>
     e2e:	4a 99       	sbic	0x09, 2	; 9
     e30:	c5 cf       	rjmp	.-118    	; 0xdbc <main+0x2e>
     e32:	80 91 55 01 	lds	r24, 0x0155	; 0x800155 <selecionado>
     e36:	90 91 56 01 	lds	r25, 0x0156	; 0x800156 <selecionado+0x1>
     e3a:	02 97       	sbiw	r24, 0x02	; 2
     e3c:	09 f0       	breq	.+2      	; 0xe40 <main+0xb2>
     e3e:	be cf       	rjmp	.-132    	; 0xdbc <main+0x2e>
     e40:	80 e0       	ldi	r24, 0x00	; 0
     e42:	0e 94 74 04 	call	0x8e8	; 0x8e8 <nokia_lcd_power>
     e46:	ba cf       	rjmp	.-140    	; 0xdbc <main+0x2e>
     e48:	81 e0       	ldi	r24, 0x01	; 1
     e4a:	90 e0       	ldi	r25, 0x00	; 0
     e4c:	0e 94 ac 02 	call	0x558	; 0x558 <lcd_atualizar>
     e50:	80 91 04 01 	lds	r24, 0x0104	; 0x800104 <yc>
     e54:	90 91 05 01 	lds	r25, 0x0105	; 0x800105 <yc+0x1>
     e58:	9c 01       	movw	r18, r24
     e5a:	2f 5f       	subi	r18, 0xFF	; 255
     e5c:	3f 4f       	sbci	r19, 0xFF	; 255
     e5e:	30 93 05 01 	sts	0x0105, r19	; 0x800105 <yc+0x1>
     e62:	20 93 04 01 	sts	0x0104, r18	; 0x800104 <yc>
     e66:	2e 32       	cpi	r18, 0x2E	; 46
     e68:	31 05       	cpc	r19, r1
     e6a:	31 f4       	brne	.+12     	; 0xe78 <main+0xea>
     e6c:	41 e0       	ldi	r20, 0x01	; 1
     e6e:	50 e0       	ldi	r21, 0x00	; 0
     e70:	50 93 9b 01 	sts	0x019B, r21	; 0x80019b <__data_end+0x1>
     e74:	40 93 9a 01 	sts	0x019A, r20	; 0x80019a <__data_end>
     e78:	33 99       	sbic	0x06, 3	; 6
     e7a:	a0 cf       	rjmp	.-192    	; 0xdbc <main+0x2e>
     e7c:	25 30       	cpi	r18, 0x05	; 5
     e7e:	31 05       	cpc	r19, r1
     e80:	34 f0       	brlt	.+12     	; 0xe8e <main+0x100>
     e82:	02 97       	sbiw	r24, 0x02	; 2
     e84:	90 93 05 01 	sts	0x0105, r25	; 0x800105 <yc+0x1>
     e88:	80 93 04 01 	sts	0x0104, r24	; 0x800104 <yc>
     e8c:	97 cf       	rjmp	.-210    	; 0xdbc <main+0x2e>
     e8e:	81 e0       	ldi	r24, 0x01	; 1
     e90:	90 e0       	ldi	r25, 0x00	; 0
     e92:	90 93 9b 01 	sts	0x019B, r25	; 0x80019b <__data_end+0x1>
     e96:	80 93 9a 01 	sts	0x019A, r24	; 0x80019a <__data_end>
     e9a:	90 cf       	rjmp	.-224    	; 0xdbc <main+0x2e>

00000e9c <__udivmodqi4>:
     e9c:	99 1b       	sub	r25, r25
     e9e:	79 e0       	ldi	r23, 0x09	; 9
     ea0:	04 c0       	rjmp	.+8      	; 0xeaa <__udivmodqi4_ep>

00000ea2 <__udivmodqi4_loop>:
     ea2:	99 1f       	adc	r25, r25
     ea4:	96 17       	cp	r25, r22
     ea6:	08 f0       	brcs	.+2      	; 0xeaa <__udivmodqi4_ep>
     ea8:	96 1b       	sub	r25, r22

00000eaa <__udivmodqi4_ep>:
     eaa:	88 1f       	adc	r24, r24
     eac:	7a 95       	dec	r23
     eae:	c9 f7       	brne	.-14     	; 0xea2 <__udivmodqi4_loop>
     eb0:	80 95       	com	r24
     eb2:	08 95       	ret

00000eb4 <__divmodhi4>:
     eb4:	97 fb       	bst	r25, 7
     eb6:	07 2e       	mov	r0, r23
     eb8:	16 f4       	brtc	.+4      	; 0xebe <__divmodhi4+0xa>
     eba:	00 94       	com	r0
     ebc:	07 d0       	rcall	.+14     	; 0xecc <__divmodhi4_neg1>
     ebe:	77 fd       	sbrc	r23, 7
     ec0:	09 d0       	rcall	.+18     	; 0xed4 <__divmodhi4_neg2>
     ec2:	0e 94 6e 07 	call	0xedc	; 0xedc <__udivmodhi4>
     ec6:	07 fc       	sbrc	r0, 7
     ec8:	05 d0       	rcall	.+10     	; 0xed4 <__divmodhi4_neg2>
     eca:	3e f4       	brtc	.+14     	; 0xeda <__divmodhi4_exit>

00000ecc <__divmodhi4_neg1>:
     ecc:	90 95       	com	r25
     ece:	81 95       	neg	r24
     ed0:	9f 4f       	sbci	r25, 0xFF	; 255
     ed2:	08 95       	ret

00000ed4 <__divmodhi4_neg2>:
     ed4:	70 95       	com	r23
     ed6:	61 95       	neg	r22
     ed8:	7f 4f       	sbci	r23, 0xFF	; 255

00000eda <__divmodhi4_exit>:
     eda:	08 95       	ret

00000edc <__udivmodhi4>:
     edc:	aa 1b       	sub	r26, r26
     ede:	bb 1b       	sub	r27, r27
     ee0:	51 e1       	ldi	r21, 0x11	; 17
     ee2:	07 c0       	rjmp	.+14     	; 0xef2 <__udivmodhi4_ep>

00000ee4 <__udivmodhi4_loop>:
     ee4:	aa 1f       	adc	r26, r26
     ee6:	bb 1f       	adc	r27, r27
     ee8:	a6 17       	cp	r26, r22
     eea:	b7 07       	cpc	r27, r23
     eec:	10 f0       	brcs	.+4      	; 0xef2 <__udivmodhi4_ep>
     eee:	a6 1b       	sub	r26, r22
     ef0:	b7 0b       	sbc	r27, r23

00000ef2 <__udivmodhi4_ep>:
     ef2:	88 1f       	adc	r24, r24
     ef4:	99 1f       	adc	r25, r25
     ef6:	5a 95       	dec	r21
     ef8:	a9 f7       	brne	.-22     	; 0xee4 <__udivmodhi4_loop>
     efa:	80 95       	com	r24
     efc:	90 95       	com	r25
     efe:	bc 01       	movw	r22, r24
     f00:	cd 01       	movw	r24, r26
     f02:	08 95       	ret

00000f04 <__subsf3>:
     f04:	50 58       	subi	r21, 0x80	; 128

00000f06 <__addsf3>:
     f06:	bb 27       	eor	r27, r27
     f08:	aa 27       	eor	r26, r26
     f0a:	0e 94 9a 07 	call	0xf34	; 0xf34 <__addsf3x>
     f0e:	0c 94 e4 08 	jmp	0x11c8	; 0x11c8 <__fp_round>
     f12:	0e 94 d6 08 	call	0x11ac	; 0x11ac <__fp_pscA>
     f16:	38 f0       	brcs	.+14     	; 0xf26 <__addsf3+0x20>
     f18:	0e 94 dd 08 	call	0x11ba	; 0x11ba <__fp_pscB>
     f1c:	20 f0       	brcs	.+8      	; 0xf26 <__addsf3+0x20>
     f1e:	39 f4       	brne	.+14     	; 0xf2e <__addsf3+0x28>
     f20:	9f 3f       	cpi	r25, 0xFF	; 255
     f22:	19 f4       	brne	.+6      	; 0xf2a <__addsf3+0x24>
     f24:	26 f4       	brtc	.+8      	; 0xf2e <__addsf3+0x28>
     f26:	0c 94 d3 08 	jmp	0x11a6	; 0x11a6 <__fp_nan>
     f2a:	0e f4       	brtc	.+2      	; 0xf2e <__addsf3+0x28>
     f2c:	e0 95       	com	r30
     f2e:	e7 fb       	bst	r30, 7
     f30:	0c 94 cd 08 	jmp	0x119a	; 0x119a <__fp_inf>

00000f34 <__addsf3x>:
     f34:	e9 2f       	mov	r30, r25
     f36:	0e 94 f5 08 	call	0x11ea	; 0x11ea <__fp_split3>
     f3a:	58 f3       	brcs	.-42     	; 0xf12 <__addsf3+0xc>
     f3c:	ba 17       	cp	r27, r26
     f3e:	62 07       	cpc	r22, r18
     f40:	73 07       	cpc	r23, r19
     f42:	84 07       	cpc	r24, r20
     f44:	95 07       	cpc	r25, r21
     f46:	20 f0       	brcs	.+8      	; 0xf50 <__addsf3x+0x1c>
     f48:	79 f4       	brne	.+30     	; 0xf68 <__addsf3x+0x34>
     f4a:	a6 f5       	brtc	.+104    	; 0xfb4 <__addsf3x+0x80>
     f4c:	0c 94 17 09 	jmp	0x122e	; 0x122e <__fp_zero>
     f50:	0e f4       	brtc	.+2      	; 0xf54 <__addsf3x+0x20>
     f52:	e0 95       	com	r30
     f54:	0b 2e       	mov	r0, r27
     f56:	ba 2f       	mov	r27, r26
     f58:	a0 2d       	mov	r26, r0
     f5a:	0b 01       	movw	r0, r22
     f5c:	b9 01       	movw	r22, r18
     f5e:	90 01       	movw	r18, r0
     f60:	0c 01       	movw	r0, r24
     f62:	ca 01       	movw	r24, r20
     f64:	a0 01       	movw	r20, r0
     f66:	11 24       	eor	r1, r1
     f68:	ff 27       	eor	r31, r31
     f6a:	59 1b       	sub	r21, r25
     f6c:	99 f0       	breq	.+38     	; 0xf94 <__addsf3x+0x60>
     f6e:	59 3f       	cpi	r21, 0xF9	; 249
     f70:	50 f4       	brcc	.+20     	; 0xf86 <__addsf3x+0x52>
     f72:	50 3e       	cpi	r21, 0xE0	; 224
     f74:	68 f1       	brcs	.+90     	; 0xfd0 <__addsf3x+0x9c>
     f76:	1a 16       	cp	r1, r26
     f78:	f0 40       	sbci	r31, 0x00	; 0
     f7a:	a2 2f       	mov	r26, r18
     f7c:	23 2f       	mov	r18, r19
     f7e:	34 2f       	mov	r19, r20
     f80:	44 27       	eor	r20, r20
     f82:	58 5f       	subi	r21, 0xF8	; 248
     f84:	f3 cf       	rjmp	.-26     	; 0xf6c <__addsf3x+0x38>
     f86:	46 95       	lsr	r20
     f88:	37 95       	ror	r19
     f8a:	27 95       	ror	r18
     f8c:	a7 95       	ror	r26
     f8e:	f0 40       	sbci	r31, 0x00	; 0
     f90:	53 95       	inc	r21
     f92:	c9 f7       	brne	.-14     	; 0xf86 <__addsf3x+0x52>
     f94:	7e f4       	brtc	.+30     	; 0xfb4 <__addsf3x+0x80>
     f96:	1f 16       	cp	r1, r31
     f98:	ba 0b       	sbc	r27, r26
     f9a:	62 0b       	sbc	r22, r18
     f9c:	73 0b       	sbc	r23, r19
     f9e:	84 0b       	sbc	r24, r20
     fa0:	ba f0       	brmi	.+46     	; 0xfd0 <__addsf3x+0x9c>
     fa2:	91 50       	subi	r25, 0x01	; 1
     fa4:	a1 f0       	breq	.+40     	; 0xfce <__addsf3x+0x9a>
     fa6:	ff 0f       	add	r31, r31
     fa8:	bb 1f       	adc	r27, r27
     faa:	66 1f       	adc	r22, r22
     fac:	77 1f       	adc	r23, r23
     fae:	88 1f       	adc	r24, r24
     fb0:	c2 f7       	brpl	.-16     	; 0xfa2 <__addsf3x+0x6e>
     fb2:	0e c0       	rjmp	.+28     	; 0xfd0 <__addsf3x+0x9c>
     fb4:	ba 0f       	add	r27, r26
     fb6:	62 1f       	adc	r22, r18
     fb8:	73 1f       	adc	r23, r19
     fba:	84 1f       	adc	r24, r20
     fbc:	48 f4       	brcc	.+18     	; 0xfd0 <__addsf3x+0x9c>
     fbe:	87 95       	ror	r24
     fc0:	77 95       	ror	r23
     fc2:	67 95       	ror	r22
     fc4:	b7 95       	ror	r27
     fc6:	f7 95       	ror	r31
     fc8:	9e 3f       	cpi	r25, 0xFE	; 254
     fca:	08 f0       	brcs	.+2      	; 0xfce <__addsf3x+0x9a>
     fcc:	b0 cf       	rjmp	.-160    	; 0xf2e <__addsf3+0x28>
     fce:	93 95       	inc	r25
     fd0:	88 0f       	add	r24, r24
     fd2:	08 f0       	brcs	.+2      	; 0xfd6 <__addsf3x+0xa2>
     fd4:	99 27       	eor	r25, r25
     fd6:	ee 0f       	add	r30, r30
     fd8:	97 95       	ror	r25
     fda:	87 95       	ror	r24
     fdc:	08 95       	ret

00000fde <__divsf3>:
     fde:	0e 94 03 08 	call	0x1006	; 0x1006 <__divsf3x>
     fe2:	0c 94 e4 08 	jmp	0x11c8	; 0x11c8 <__fp_round>
     fe6:	0e 94 dd 08 	call	0x11ba	; 0x11ba <__fp_pscB>
     fea:	58 f0       	brcs	.+22     	; 0x1002 <__divsf3+0x24>
     fec:	0e 94 d6 08 	call	0x11ac	; 0x11ac <__fp_pscA>
     ff0:	40 f0       	brcs	.+16     	; 0x1002 <__divsf3+0x24>
     ff2:	29 f4       	brne	.+10     	; 0xffe <__divsf3+0x20>
     ff4:	5f 3f       	cpi	r21, 0xFF	; 255
     ff6:	29 f0       	breq	.+10     	; 0x1002 <__divsf3+0x24>
     ff8:	0c 94 cd 08 	jmp	0x119a	; 0x119a <__fp_inf>
     ffc:	51 11       	cpse	r21, r1
     ffe:	0c 94 18 09 	jmp	0x1230	; 0x1230 <__fp_szero>
    1002:	0c 94 d3 08 	jmp	0x11a6	; 0x11a6 <__fp_nan>

00001006 <__divsf3x>:
    1006:	0e 94 f5 08 	call	0x11ea	; 0x11ea <__fp_split3>
    100a:	68 f3       	brcs	.-38     	; 0xfe6 <__divsf3+0x8>

0000100c <__divsf3_pse>:
    100c:	99 23       	and	r25, r25
    100e:	b1 f3       	breq	.-20     	; 0xffc <__divsf3+0x1e>
    1010:	55 23       	and	r21, r21
    1012:	91 f3       	breq	.-28     	; 0xff8 <__divsf3+0x1a>
    1014:	95 1b       	sub	r25, r21
    1016:	55 0b       	sbc	r21, r21
    1018:	bb 27       	eor	r27, r27
    101a:	aa 27       	eor	r26, r26
    101c:	62 17       	cp	r22, r18
    101e:	73 07       	cpc	r23, r19
    1020:	84 07       	cpc	r24, r20
    1022:	38 f0       	brcs	.+14     	; 0x1032 <__divsf3_pse+0x26>
    1024:	9f 5f       	subi	r25, 0xFF	; 255
    1026:	5f 4f       	sbci	r21, 0xFF	; 255
    1028:	22 0f       	add	r18, r18
    102a:	33 1f       	adc	r19, r19
    102c:	44 1f       	adc	r20, r20
    102e:	aa 1f       	adc	r26, r26
    1030:	a9 f3       	breq	.-22     	; 0x101c <__divsf3_pse+0x10>
    1032:	35 d0       	rcall	.+106    	; 0x109e <__divsf3_pse+0x92>
    1034:	0e 2e       	mov	r0, r30
    1036:	3a f0       	brmi	.+14     	; 0x1046 <__divsf3_pse+0x3a>
    1038:	e0 e8       	ldi	r30, 0x80	; 128
    103a:	32 d0       	rcall	.+100    	; 0x10a0 <__divsf3_pse+0x94>
    103c:	91 50       	subi	r25, 0x01	; 1
    103e:	50 40       	sbci	r21, 0x00	; 0
    1040:	e6 95       	lsr	r30
    1042:	00 1c       	adc	r0, r0
    1044:	ca f7       	brpl	.-14     	; 0x1038 <__divsf3_pse+0x2c>
    1046:	2b d0       	rcall	.+86     	; 0x109e <__divsf3_pse+0x92>
    1048:	fe 2f       	mov	r31, r30
    104a:	29 d0       	rcall	.+82     	; 0x109e <__divsf3_pse+0x92>
    104c:	66 0f       	add	r22, r22
    104e:	77 1f       	adc	r23, r23
    1050:	88 1f       	adc	r24, r24
    1052:	bb 1f       	adc	r27, r27
    1054:	26 17       	cp	r18, r22
    1056:	37 07       	cpc	r19, r23
    1058:	48 07       	cpc	r20, r24
    105a:	ab 07       	cpc	r26, r27
    105c:	b0 e8       	ldi	r27, 0x80	; 128
    105e:	09 f0       	breq	.+2      	; 0x1062 <__divsf3_pse+0x56>
    1060:	bb 0b       	sbc	r27, r27
    1062:	80 2d       	mov	r24, r0
    1064:	bf 01       	movw	r22, r30
    1066:	ff 27       	eor	r31, r31
    1068:	93 58       	subi	r25, 0x83	; 131
    106a:	5f 4f       	sbci	r21, 0xFF	; 255
    106c:	3a f0       	brmi	.+14     	; 0x107c <__divsf3_pse+0x70>
    106e:	9e 3f       	cpi	r25, 0xFE	; 254
    1070:	51 05       	cpc	r21, r1
    1072:	78 f0       	brcs	.+30     	; 0x1092 <__divsf3_pse+0x86>
    1074:	0c 94 cd 08 	jmp	0x119a	; 0x119a <__fp_inf>
    1078:	0c 94 18 09 	jmp	0x1230	; 0x1230 <__fp_szero>
    107c:	5f 3f       	cpi	r21, 0xFF	; 255
    107e:	e4 f3       	brlt	.-8      	; 0x1078 <__divsf3_pse+0x6c>
    1080:	98 3e       	cpi	r25, 0xE8	; 232
    1082:	d4 f3       	brlt	.-12     	; 0x1078 <__divsf3_pse+0x6c>
    1084:	86 95       	lsr	r24
    1086:	77 95       	ror	r23
    1088:	67 95       	ror	r22
    108a:	b7 95       	ror	r27
    108c:	f7 95       	ror	r31
    108e:	9f 5f       	subi	r25, 0xFF	; 255
    1090:	c9 f7       	brne	.-14     	; 0x1084 <__divsf3_pse+0x78>
    1092:	88 0f       	add	r24, r24
    1094:	91 1d       	adc	r25, r1
    1096:	96 95       	lsr	r25
    1098:	87 95       	ror	r24
    109a:	97 f9       	bld	r25, 7
    109c:	08 95       	ret
    109e:	e1 e0       	ldi	r30, 0x01	; 1
    10a0:	66 0f       	add	r22, r22
    10a2:	77 1f       	adc	r23, r23
    10a4:	88 1f       	adc	r24, r24
    10a6:	bb 1f       	adc	r27, r27
    10a8:	62 17       	cp	r22, r18
    10aa:	73 07       	cpc	r23, r19
    10ac:	84 07       	cpc	r24, r20
    10ae:	ba 07       	cpc	r27, r26
    10b0:	20 f0       	brcs	.+8      	; 0x10ba <__divsf3_pse+0xae>
    10b2:	62 1b       	sub	r22, r18
    10b4:	73 0b       	sbc	r23, r19
    10b6:	84 0b       	sbc	r24, r20
    10b8:	ba 0b       	sbc	r27, r26
    10ba:	ee 1f       	adc	r30, r30
    10bc:	88 f7       	brcc	.-30     	; 0x10a0 <__divsf3_pse+0x94>
    10be:	e0 95       	com	r30
    10c0:	08 95       	ret

000010c2 <__fixunssfsi>:
    10c2:	0e 94 fd 08 	call	0x11fa	; 0x11fa <__fp_splitA>
    10c6:	88 f0       	brcs	.+34     	; 0x10ea <__fixunssfsi+0x28>
    10c8:	9f 57       	subi	r25, 0x7F	; 127
    10ca:	98 f0       	brcs	.+38     	; 0x10f2 <__fixunssfsi+0x30>
    10cc:	b9 2f       	mov	r27, r25
    10ce:	99 27       	eor	r25, r25
    10d0:	b7 51       	subi	r27, 0x17	; 23
    10d2:	b0 f0       	brcs	.+44     	; 0x1100 <__fixunssfsi+0x3e>
    10d4:	e1 f0       	breq	.+56     	; 0x110e <__fixunssfsi+0x4c>
    10d6:	66 0f       	add	r22, r22
    10d8:	77 1f       	adc	r23, r23
    10da:	88 1f       	adc	r24, r24
    10dc:	99 1f       	adc	r25, r25
    10de:	1a f0       	brmi	.+6      	; 0x10e6 <__fixunssfsi+0x24>
    10e0:	ba 95       	dec	r27
    10e2:	c9 f7       	brne	.-14     	; 0x10d6 <__fixunssfsi+0x14>
    10e4:	14 c0       	rjmp	.+40     	; 0x110e <__fixunssfsi+0x4c>
    10e6:	b1 30       	cpi	r27, 0x01	; 1
    10e8:	91 f0       	breq	.+36     	; 0x110e <__fixunssfsi+0x4c>
    10ea:	0e 94 17 09 	call	0x122e	; 0x122e <__fp_zero>
    10ee:	b1 e0       	ldi	r27, 0x01	; 1
    10f0:	08 95       	ret
    10f2:	0c 94 17 09 	jmp	0x122e	; 0x122e <__fp_zero>
    10f6:	67 2f       	mov	r22, r23
    10f8:	78 2f       	mov	r23, r24
    10fa:	88 27       	eor	r24, r24
    10fc:	b8 5f       	subi	r27, 0xF8	; 248
    10fe:	39 f0       	breq	.+14     	; 0x110e <__fixunssfsi+0x4c>
    1100:	b9 3f       	cpi	r27, 0xF9	; 249
    1102:	cc f3       	brlt	.-14     	; 0x10f6 <__fixunssfsi+0x34>
    1104:	86 95       	lsr	r24
    1106:	77 95       	ror	r23
    1108:	67 95       	ror	r22
    110a:	b3 95       	inc	r27
    110c:	d9 f7       	brne	.-10     	; 0x1104 <__fixunssfsi+0x42>
    110e:	3e f4       	brtc	.+14     	; 0x111e <__fixunssfsi+0x5c>
    1110:	90 95       	com	r25
    1112:	80 95       	com	r24
    1114:	70 95       	com	r23
    1116:	61 95       	neg	r22
    1118:	7f 4f       	sbci	r23, 0xFF	; 255
    111a:	8f 4f       	sbci	r24, 0xFF	; 255
    111c:	9f 4f       	sbci	r25, 0xFF	; 255
    111e:	08 95       	ret

00001120 <__floatunsisf>:
    1120:	e8 94       	clt
    1122:	09 c0       	rjmp	.+18     	; 0x1136 <__floatsisf+0x12>

00001124 <__floatsisf>:
    1124:	97 fb       	bst	r25, 7
    1126:	3e f4       	brtc	.+14     	; 0x1136 <__floatsisf+0x12>
    1128:	90 95       	com	r25
    112a:	80 95       	com	r24
    112c:	70 95       	com	r23
    112e:	61 95       	neg	r22
    1130:	7f 4f       	sbci	r23, 0xFF	; 255
    1132:	8f 4f       	sbci	r24, 0xFF	; 255
    1134:	9f 4f       	sbci	r25, 0xFF	; 255
    1136:	99 23       	and	r25, r25
    1138:	a9 f0       	breq	.+42     	; 0x1164 <__floatsisf+0x40>
    113a:	f9 2f       	mov	r31, r25
    113c:	96 e9       	ldi	r25, 0x96	; 150
    113e:	bb 27       	eor	r27, r27
    1140:	93 95       	inc	r25
    1142:	f6 95       	lsr	r31
    1144:	87 95       	ror	r24
    1146:	77 95       	ror	r23
    1148:	67 95       	ror	r22
    114a:	b7 95       	ror	r27
    114c:	f1 11       	cpse	r31, r1
    114e:	f8 cf       	rjmp	.-16     	; 0x1140 <__floatsisf+0x1c>
    1150:	fa f4       	brpl	.+62     	; 0x1190 <__floatsisf+0x6c>
    1152:	bb 0f       	add	r27, r27
    1154:	11 f4       	brne	.+4      	; 0x115a <__floatsisf+0x36>
    1156:	60 ff       	sbrs	r22, 0
    1158:	1b c0       	rjmp	.+54     	; 0x1190 <__floatsisf+0x6c>
    115a:	6f 5f       	subi	r22, 0xFF	; 255
    115c:	7f 4f       	sbci	r23, 0xFF	; 255
    115e:	8f 4f       	sbci	r24, 0xFF	; 255
    1160:	9f 4f       	sbci	r25, 0xFF	; 255
    1162:	16 c0       	rjmp	.+44     	; 0x1190 <__floatsisf+0x6c>
    1164:	88 23       	and	r24, r24
    1166:	11 f0       	breq	.+4      	; 0x116c <__floatsisf+0x48>
    1168:	96 e9       	ldi	r25, 0x96	; 150
    116a:	11 c0       	rjmp	.+34     	; 0x118e <__floatsisf+0x6a>
    116c:	77 23       	and	r23, r23
    116e:	21 f0       	breq	.+8      	; 0x1178 <__floatsisf+0x54>
    1170:	9e e8       	ldi	r25, 0x8E	; 142
    1172:	87 2f       	mov	r24, r23
    1174:	76 2f       	mov	r23, r22
    1176:	05 c0       	rjmp	.+10     	; 0x1182 <__floatsisf+0x5e>
    1178:	66 23       	and	r22, r22
    117a:	71 f0       	breq	.+28     	; 0x1198 <__floatsisf+0x74>
    117c:	96 e8       	ldi	r25, 0x86	; 134
    117e:	86 2f       	mov	r24, r22
    1180:	70 e0       	ldi	r23, 0x00	; 0
    1182:	60 e0       	ldi	r22, 0x00	; 0
    1184:	2a f0       	brmi	.+10     	; 0x1190 <__floatsisf+0x6c>
    1186:	9a 95       	dec	r25
    1188:	66 0f       	add	r22, r22
    118a:	77 1f       	adc	r23, r23
    118c:	88 1f       	adc	r24, r24
    118e:	da f7       	brpl	.-10     	; 0x1186 <__floatsisf+0x62>
    1190:	88 0f       	add	r24, r24
    1192:	96 95       	lsr	r25
    1194:	87 95       	ror	r24
    1196:	97 f9       	bld	r25, 7
    1198:	08 95       	ret

0000119a <__fp_inf>:
    119a:	97 f9       	bld	r25, 7
    119c:	9f 67       	ori	r25, 0x7F	; 127
    119e:	80 e8       	ldi	r24, 0x80	; 128
    11a0:	70 e0       	ldi	r23, 0x00	; 0
    11a2:	60 e0       	ldi	r22, 0x00	; 0
    11a4:	08 95       	ret

000011a6 <__fp_nan>:
    11a6:	9f ef       	ldi	r25, 0xFF	; 255
    11a8:	80 ec       	ldi	r24, 0xC0	; 192
    11aa:	08 95       	ret

000011ac <__fp_pscA>:
    11ac:	00 24       	eor	r0, r0
    11ae:	0a 94       	dec	r0
    11b0:	16 16       	cp	r1, r22
    11b2:	17 06       	cpc	r1, r23
    11b4:	18 06       	cpc	r1, r24
    11b6:	09 06       	cpc	r0, r25
    11b8:	08 95       	ret

000011ba <__fp_pscB>:
    11ba:	00 24       	eor	r0, r0
    11bc:	0a 94       	dec	r0
    11be:	12 16       	cp	r1, r18
    11c0:	13 06       	cpc	r1, r19
    11c2:	14 06       	cpc	r1, r20
    11c4:	05 06       	cpc	r0, r21
    11c6:	08 95       	ret

000011c8 <__fp_round>:
    11c8:	09 2e       	mov	r0, r25
    11ca:	03 94       	inc	r0
    11cc:	00 0c       	add	r0, r0
    11ce:	11 f4       	brne	.+4      	; 0x11d4 <__fp_round+0xc>
    11d0:	88 23       	and	r24, r24
    11d2:	52 f0       	brmi	.+20     	; 0x11e8 <__fp_round+0x20>
    11d4:	bb 0f       	add	r27, r27
    11d6:	40 f4       	brcc	.+16     	; 0x11e8 <__fp_round+0x20>
    11d8:	bf 2b       	or	r27, r31
    11da:	11 f4       	brne	.+4      	; 0x11e0 <__fp_round+0x18>
    11dc:	60 ff       	sbrs	r22, 0
    11de:	04 c0       	rjmp	.+8      	; 0x11e8 <__fp_round+0x20>
    11e0:	6f 5f       	subi	r22, 0xFF	; 255
    11e2:	7f 4f       	sbci	r23, 0xFF	; 255
    11e4:	8f 4f       	sbci	r24, 0xFF	; 255
    11e6:	9f 4f       	sbci	r25, 0xFF	; 255
    11e8:	08 95       	ret

000011ea <__fp_split3>:
    11ea:	57 fd       	sbrc	r21, 7
    11ec:	90 58       	subi	r25, 0x80	; 128
    11ee:	44 0f       	add	r20, r20
    11f0:	55 1f       	adc	r21, r21
    11f2:	59 f0       	breq	.+22     	; 0x120a <__fp_splitA+0x10>
    11f4:	5f 3f       	cpi	r21, 0xFF	; 255
    11f6:	71 f0       	breq	.+28     	; 0x1214 <__fp_splitA+0x1a>
    11f8:	47 95       	ror	r20

000011fa <__fp_splitA>:
    11fa:	88 0f       	add	r24, r24
    11fc:	97 fb       	bst	r25, 7
    11fe:	99 1f       	adc	r25, r25
    1200:	61 f0       	breq	.+24     	; 0x121a <__fp_splitA+0x20>
    1202:	9f 3f       	cpi	r25, 0xFF	; 255
    1204:	79 f0       	breq	.+30     	; 0x1224 <__fp_splitA+0x2a>
    1206:	87 95       	ror	r24
    1208:	08 95       	ret
    120a:	12 16       	cp	r1, r18
    120c:	13 06       	cpc	r1, r19
    120e:	14 06       	cpc	r1, r20
    1210:	55 1f       	adc	r21, r21
    1212:	f2 cf       	rjmp	.-28     	; 0x11f8 <__fp_split3+0xe>
    1214:	46 95       	lsr	r20
    1216:	f1 df       	rcall	.-30     	; 0x11fa <__fp_splitA>
    1218:	08 c0       	rjmp	.+16     	; 0x122a <__fp_splitA+0x30>
    121a:	16 16       	cp	r1, r22
    121c:	17 06       	cpc	r1, r23
    121e:	18 06       	cpc	r1, r24
    1220:	99 1f       	adc	r25, r25
    1222:	f1 cf       	rjmp	.-30     	; 0x1206 <__fp_splitA+0xc>
    1224:	86 95       	lsr	r24
    1226:	71 05       	cpc	r23, r1
    1228:	61 05       	cpc	r22, r1
    122a:	08 94       	sec
    122c:	08 95       	ret

0000122e <__fp_zero>:
    122e:	e8 94       	clt

00001230 <__fp_szero>:
    1230:	bb 27       	eor	r27, r27
    1232:	66 27       	eor	r22, r22
    1234:	77 27       	eor	r23, r23
    1236:	cb 01       	movw	r24, r22
    1238:	97 f9       	bld	r25, 7
    123a:	08 95       	ret

0000123c <__gesf2>:
    123c:	0e 94 23 09 	call	0x1246	; 0x1246 <__fp_cmp>
    1240:	08 f4       	brcc	.+2      	; 0x1244 <__gesf2+0x8>
    1242:	8f ef       	ldi	r24, 0xFF	; 255
    1244:	08 95       	ret

00001246 <__fp_cmp>:
    1246:	99 0f       	add	r25, r25
    1248:	00 08       	sbc	r0, r0
    124a:	55 0f       	add	r21, r21
    124c:	aa 0b       	sbc	r26, r26
    124e:	e0 e8       	ldi	r30, 0x80	; 128
    1250:	fe ef       	ldi	r31, 0xFE	; 254
    1252:	16 16       	cp	r1, r22
    1254:	17 06       	cpc	r1, r23
    1256:	e8 07       	cpc	r30, r24
    1258:	f9 07       	cpc	r31, r25
    125a:	c0 f0       	brcs	.+48     	; 0x128c <__fp_cmp+0x46>
    125c:	12 16       	cp	r1, r18
    125e:	13 06       	cpc	r1, r19
    1260:	e4 07       	cpc	r30, r20
    1262:	f5 07       	cpc	r31, r21
    1264:	98 f0       	brcs	.+38     	; 0x128c <__fp_cmp+0x46>
    1266:	62 1b       	sub	r22, r18
    1268:	73 0b       	sbc	r23, r19
    126a:	84 0b       	sbc	r24, r20
    126c:	95 0b       	sbc	r25, r21
    126e:	39 f4       	brne	.+14     	; 0x127e <__fp_cmp+0x38>
    1270:	0a 26       	eor	r0, r26
    1272:	61 f0       	breq	.+24     	; 0x128c <__fp_cmp+0x46>
    1274:	23 2b       	or	r18, r19
    1276:	24 2b       	or	r18, r20
    1278:	25 2b       	or	r18, r21
    127a:	21 f4       	brne	.+8      	; 0x1284 <__fp_cmp+0x3e>
    127c:	08 95       	ret
    127e:	0a 26       	eor	r0, r26
    1280:	09 f4       	brne	.+2      	; 0x1284 <__fp_cmp+0x3e>
    1282:	a1 40       	sbci	r26, 0x01	; 1
    1284:	a6 95       	lsr	r26
    1286:	8f ef       	ldi	r24, 0xFF	; 255
    1288:	81 1d       	adc	r24, r1
    128a:	81 1d       	adc	r24, r1
    128c:	08 95       	ret

0000128e <do_rand>:
    128e:	8f 92       	push	r8
    1290:	9f 92       	push	r9
    1292:	af 92       	push	r10
    1294:	bf 92       	push	r11
    1296:	cf 92       	push	r12
    1298:	df 92       	push	r13
    129a:	ef 92       	push	r14
    129c:	ff 92       	push	r15
    129e:	cf 93       	push	r28
    12a0:	df 93       	push	r29
    12a2:	ec 01       	movw	r28, r24
    12a4:	68 81       	ld	r22, Y
    12a6:	79 81       	ldd	r23, Y+1	; 0x01
    12a8:	8a 81       	ldd	r24, Y+2	; 0x02
    12aa:	9b 81       	ldd	r25, Y+3	; 0x03
    12ac:	61 15       	cp	r22, r1
    12ae:	71 05       	cpc	r23, r1
    12b0:	81 05       	cpc	r24, r1
    12b2:	91 05       	cpc	r25, r1
    12b4:	21 f4       	brne	.+8      	; 0x12be <do_rand+0x30>
    12b6:	64 e2       	ldi	r22, 0x24	; 36
    12b8:	79 ed       	ldi	r23, 0xD9	; 217
    12ba:	8b e5       	ldi	r24, 0x5B	; 91
    12bc:	97 e0       	ldi	r25, 0x07	; 7
    12be:	2d e1       	ldi	r18, 0x1D	; 29
    12c0:	33 ef       	ldi	r19, 0xF3	; 243
    12c2:	41 e0       	ldi	r20, 0x01	; 1
    12c4:	50 e0       	ldi	r21, 0x00	; 0
    12c6:	0e 94 ac 09 	call	0x1358	; 0x1358 <__divmodsi4>
    12ca:	49 01       	movw	r8, r18
    12cc:	5a 01       	movw	r10, r20
    12ce:	9b 01       	movw	r18, r22
    12d0:	ac 01       	movw	r20, r24
    12d2:	a7 ea       	ldi	r26, 0xA7	; 167
    12d4:	b1 e4       	ldi	r27, 0x41	; 65
    12d6:	0e 94 cb 09 	call	0x1396	; 0x1396 <__muluhisi3>
    12da:	6b 01       	movw	r12, r22
    12dc:	7c 01       	movw	r14, r24
    12de:	ac ee       	ldi	r26, 0xEC	; 236
    12e0:	b4 ef       	ldi	r27, 0xF4	; 244
    12e2:	a5 01       	movw	r20, r10
    12e4:	94 01       	movw	r18, r8
    12e6:	0e 94 d9 09 	call	0x13b2	; 0x13b2 <__mulohisi3>
    12ea:	dc 01       	movw	r26, r24
    12ec:	cb 01       	movw	r24, r22
    12ee:	8c 0d       	add	r24, r12
    12f0:	9d 1d       	adc	r25, r13
    12f2:	ae 1d       	adc	r26, r14
    12f4:	bf 1d       	adc	r27, r15
    12f6:	b7 ff       	sbrs	r27, 7
    12f8:	03 c0       	rjmp	.+6      	; 0x1300 <do_rand+0x72>
    12fa:	01 97       	sbiw	r24, 0x01	; 1
    12fc:	a1 09       	sbc	r26, r1
    12fe:	b0 48       	sbci	r27, 0x80	; 128
    1300:	88 83       	st	Y, r24
    1302:	99 83       	std	Y+1, r25	; 0x01
    1304:	aa 83       	std	Y+2, r26	; 0x02
    1306:	bb 83       	std	Y+3, r27	; 0x03
    1308:	9f 77       	andi	r25, 0x7F	; 127
    130a:	df 91       	pop	r29
    130c:	cf 91       	pop	r28
    130e:	ff 90       	pop	r15
    1310:	ef 90       	pop	r14
    1312:	df 90       	pop	r13
    1314:	cf 90       	pop	r12
    1316:	bf 90       	pop	r11
    1318:	af 90       	pop	r10
    131a:	9f 90       	pop	r9
    131c:	8f 90       	pop	r8
    131e:	08 95       	ret

00001320 <rand_r>:
    1320:	0e 94 47 09 	call	0x128e	; 0x128e <do_rand>
    1324:	08 95       	ret

00001326 <rand>:
    1326:	87 e5       	ldi	r24, 0x57	; 87
    1328:	91 e0       	ldi	r25, 0x01	; 1
    132a:	0e 94 47 09 	call	0x128e	; 0x128e <do_rand>
    132e:	08 95       	ret

00001330 <srand>:
    1330:	a0 e0       	ldi	r26, 0x00	; 0
    1332:	b0 e0       	ldi	r27, 0x00	; 0
    1334:	80 93 57 01 	sts	0x0157, r24	; 0x800157 <next>
    1338:	90 93 58 01 	sts	0x0158, r25	; 0x800158 <next+0x1>
    133c:	a0 93 59 01 	sts	0x0159, r26	; 0x800159 <next+0x2>
    1340:	b0 93 5a 01 	sts	0x015A, r27	; 0x80015a <next+0x3>
    1344:	08 95       	ret

00001346 <memcpy_P>:
    1346:	fb 01       	movw	r30, r22
    1348:	dc 01       	movw	r26, r24
    134a:	02 c0       	rjmp	.+4      	; 0x1350 <memcpy_P+0xa>
    134c:	05 90       	lpm	r0, Z+
    134e:	0d 92       	st	X+, r0
    1350:	41 50       	subi	r20, 0x01	; 1
    1352:	50 40       	sbci	r21, 0x00	; 0
    1354:	d8 f7       	brcc	.-10     	; 0x134c <memcpy_P+0x6>
    1356:	08 95       	ret

00001358 <__divmodsi4>:
    1358:	05 2e       	mov	r0, r21
    135a:	97 fb       	bst	r25, 7
    135c:	1e f4       	brtc	.+6      	; 0x1364 <__divmodsi4+0xc>
    135e:	00 94       	com	r0
    1360:	0e 94 c3 09 	call	0x1386	; 0x1386 <__negsi2>
    1364:	57 fd       	sbrc	r21, 7
    1366:	07 d0       	rcall	.+14     	; 0x1376 <__divmodsi4_neg2>
    1368:	0e 94 de 09 	call	0x13bc	; 0x13bc <__udivmodsi4>
    136c:	07 fc       	sbrc	r0, 7
    136e:	03 d0       	rcall	.+6      	; 0x1376 <__divmodsi4_neg2>
    1370:	4e f4       	brtc	.+18     	; 0x1384 <__divmodsi4_exit>
    1372:	0c 94 c3 09 	jmp	0x1386	; 0x1386 <__negsi2>

00001376 <__divmodsi4_neg2>:
    1376:	50 95       	com	r21
    1378:	40 95       	com	r20
    137a:	30 95       	com	r19
    137c:	21 95       	neg	r18
    137e:	3f 4f       	sbci	r19, 0xFF	; 255
    1380:	4f 4f       	sbci	r20, 0xFF	; 255
    1382:	5f 4f       	sbci	r21, 0xFF	; 255

00001384 <__divmodsi4_exit>:
    1384:	08 95       	ret

00001386 <__negsi2>:
    1386:	90 95       	com	r25
    1388:	80 95       	com	r24
    138a:	70 95       	com	r23
    138c:	61 95       	neg	r22
    138e:	7f 4f       	sbci	r23, 0xFF	; 255
    1390:	8f 4f       	sbci	r24, 0xFF	; 255
    1392:	9f 4f       	sbci	r25, 0xFF	; 255
    1394:	08 95       	ret

00001396 <__muluhisi3>:
    1396:	0e 94 00 0a 	call	0x1400	; 0x1400 <__umulhisi3>
    139a:	a5 9f       	mul	r26, r21
    139c:	90 0d       	add	r25, r0
    139e:	b4 9f       	mul	r27, r20
    13a0:	90 0d       	add	r25, r0
    13a2:	a4 9f       	mul	r26, r20
    13a4:	80 0d       	add	r24, r0
    13a6:	91 1d       	adc	r25, r1
    13a8:	11 24       	eor	r1, r1
    13aa:	08 95       	ret

000013ac <__mulshisi3>:
    13ac:	b7 ff       	sbrs	r27, 7
    13ae:	0c 94 cb 09 	jmp	0x1396	; 0x1396 <__muluhisi3>

000013b2 <__mulohisi3>:
    13b2:	0e 94 cb 09 	call	0x1396	; 0x1396 <__muluhisi3>
    13b6:	82 1b       	sub	r24, r18
    13b8:	93 0b       	sbc	r25, r19
    13ba:	08 95       	ret

000013bc <__udivmodsi4>:
    13bc:	a1 e2       	ldi	r26, 0x21	; 33
    13be:	1a 2e       	mov	r1, r26
    13c0:	aa 1b       	sub	r26, r26
    13c2:	bb 1b       	sub	r27, r27
    13c4:	fd 01       	movw	r30, r26
    13c6:	0d c0       	rjmp	.+26     	; 0x13e2 <__udivmodsi4_ep>

000013c8 <__udivmodsi4_loop>:
    13c8:	aa 1f       	adc	r26, r26
    13ca:	bb 1f       	adc	r27, r27
    13cc:	ee 1f       	adc	r30, r30
    13ce:	ff 1f       	adc	r31, r31
    13d0:	a2 17       	cp	r26, r18
    13d2:	b3 07       	cpc	r27, r19
    13d4:	e4 07       	cpc	r30, r20
    13d6:	f5 07       	cpc	r31, r21
    13d8:	20 f0       	brcs	.+8      	; 0x13e2 <__udivmodsi4_ep>
    13da:	a2 1b       	sub	r26, r18
    13dc:	b3 0b       	sbc	r27, r19
    13de:	e4 0b       	sbc	r30, r20
    13e0:	f5 0b       	sbc	r31, r21

000013e2 <__udivmodsi4_ep>:
    13e2:	66 1f       	adc	r22, r22
    13e4:	77 1f       	adc	r23, r23
    13e6:	88 1f       	adc	r24, r24
    13e8:	99 1f       	adc	r25, r25
    13ea:	1a 94       	dec	r1
    13ec:	69 f7       	brne	.-38     	; 0x13c8 <__udivmodsi4_loop>
    13ee:	60 95       	com	r22
    13f0:	70 95       	com	r23
    13f2:	80 95       	com	r24
    13f4:	90 95       	com	r25
    13f6:	9b 01       	movw	r18, r22
    13f8:	ac 01       	movw	r20, r24
    13fa:	bd 01       	movw	r22, r26
    13fc:	cf 01       	movw	r24, r30
    13fe:	08 95       	ret

00001400 <__umulhisi3>:
    1400:	a2 9f       	mul	r26, r18
    1402:	b0 01       	movw	r22, r0
    1404:	b3 9f       	mul	r27, r19
    1406:	c0 01       	movw	r24, r0
    1408:	a3 9f       	mul	r26, r19
    140a:	70 0d       	add	r23, r0
    140c:	81 1d       	adc	r24, r1
    140e:	11 24       	eor	r1, r1
    1410:	91 1d       	adc	r25, r1
    1412:	b2 9f       	mul	r27, r18
    1414:	70 0d       	add	r23, r0
    1416:	81 1d       	adc	r24, r1
    1418:	11 24       	eor	r1, r1
    141a:	91 1d       	adc	r25, r1
    141c:	08 95       	ret

0000141e <_exit>:
    141e:	f8 94       	cli

00001420 <__stop_program>:
    1420:	ff cf       	rjmp	.-2      	; 0x1420 <__stop_program>
